{"C:\\Users\\afons\\.jenkins\\workspace\\ddd-forum\\src\\modules\\forum\\domain\\comment.ts": {"path":"C:\\Users\\afons\\.jenkins\\workspace\\ddd-forum\\src\\modules\\forum\\domain\\comment.ts","statementMap":{"0":{"start":{"line":2,"column":0},"end":{"line":2,"column":55}},"1":{"start":{"line":3,"column":0},"end":{"line":3,"column":53}},"2":{"start":{"line":5,"column":0},"end":{"line":5,"column":40}},"3":{"start":{"line":8,"column":0},"end":{"line":8,"column":51}},"4":{"start":{"line":10,"column":0},"end":{"line":10,"column":28}},"5":{"start":{"line":11,"column":0},"end":{"line":11,"column":44}},"6":{"start":{"line":12,"column":0},"end":{"line":12,"column":46}},"7":{"start":{"line":26,"column":4},"end":{"line":27,"column":18}},"8":{"start":{"line":31,"column":4},"end":{"line":31,"column":29}},"9":{"start":{"line":35,"column":4},"end":{"line":35,"column":38}},"10":{"start":{"line":39,"column":4},"end":{"line":39,"column":31}},"11":{"start":{"line":43,"column":4},"end":{"line":43,"column":27}},"12":{"start":{"line":47,"column":23},"end":{"line":47,"column":40}},"13":{"start":{"line":48,"column":4},"end":{"line":49,"column":null}},"14":{"start":{"line":53,"column":16},"end":{"line":53,"column":17}},"15":{"start":{"line":55,"column":4},"end":{"line":64,"column":null}},"16":{"start":{"line":57,"column":6},"end":{"line":59,"column":null}},"17":{"start":{"line":58,"column":8},"end":{"line":58,"column":16}},"18":{"start":{"line":61,"column":6},"end":{"line":63,"column":null}},"19":{"start":{"line":62,"column":8},"end":{"line":62,"column":16}},"20":{"start":{"line":66,"column":4},"end":{"line":75,"column":null}},"21":{"start":{"line":68,"column":6},"end":{"line":70,"column":null}},"22":{"start":{"line":69,"column":8},"end":{"line":69,"column":16}},"23":{"start":{"line":72,"column":6},"end":{"line":74,"column":null}},"24":{"start":{"line":73,"column":8},"end":{"line":73,"column":16}},"25":{"start":{"line":77,"column":4},"end":{"line":77,"column":17}},"26":{"start":{"line":81,"column":4},"end":{"line":81,"column":34}},"27":{"start":{"line":82,"column":4},"end":{"line":82,"column":29}},"28":{"start":{"line":86,"column":4},"end":{"line":86,"column":31}},"29":{"start":{"line":87,"column":4},"end":{"line":87,"column":29}},"30":{"start":{"line":91,"column":4},"end":{"line":91,"column":28}},"31":{"start":{"line":95,"column":4},"end":{"line":95,"column":60}},"32":{"start":{"line":99,"column":4},"end":{"line":99,"column":21}},"33":{"start":{"line":103,"column":22},"end":{"line":107,"column":6}},"34":{"start":{"line":109,"column":4},"end":{"line":130,"column":null}},"35":{"start":{"line":110,"column":6},"end":{"line":110,"column":61}},"36":{"start":{"line":113,"column":27},"end":{"line":113,"column":41}},"37":{"start":{"line":115,"column":31},"end":{"line":118,"column":null}},"38":{"start":{"line":121,"column":22},"end":{"line":121,"column":58}},"39":{"start":{"line":123,"column":6},"end":{"line":127,"column":null}},"40":{"start":{"line":124,"column":8},"end":{"line":126,"column":null}},"41":{"start":{"line":129,"column":6},"end":{"line":129,"column":41}},"42":{"start":{"line":23,"column":0},"end":{"line":23,"column":13}}},"fnMap":{"0":{"name":"(anonymous_0)","decl":{"start":{"line":25,"column":2},"end":{"line":25,"column":6}},"loc":{"start":{"line":25,"column":15},"end":{"line":28,"column":3}}},"1":{"name":"(anonymous_1)","decl":{"start":{"line":30,"column":2},"end":{"line":30,"column":6}},"loc":{"start":{"line":30,"column":12},"end":{"line":32,"column":3}}},"2":{"name":"(anonymous_2)","decl":{"start":{"line":34,"column":2},"end":{"line":34,"column":6}},"loc":{"start":{"line":34,"column":21},"end":{"line":36,"column":3}}},"3":{"name":"(anonymous_3)","decl":{"start":{"line":38,"column":2},"end":{"line":38,"column":6}},"loc":{"start":{"line":38,"column":14},"end":{"line":40,"column":3}}},"4":{"name":"(anonymous_4)","decl":{"start":{"line":42,"column":2},"end":{"line":42,"column":6}},"loc":{"start":{"line":42,"column":10},"end":{"line":44,"column":3}}},"5":{"name":"(anonymous_5)","decl":{"start":{"line":46,"column":2},"end":{"line":46,"column":6}},"loc":{"start":{"line":46,"column":12},"end":{"line":50,"column":3}}},"6":{"name":"(anonymous_6)","decl":{"start":{"line":52,"column":10},"end":{"line":52,"column":27}},"loc":{"start":{"line":52,"column":27},"end":{"line":78,"column":3}}},"7":{"name":"(anonymous_7)","decl":{"start":{"line":80,"column":9},"end":{"line":80,"column":19}},"loc":{"start":{"line":80,"column":38},"end":{"line":83,"column":3}}},"8":{"name":"(anonymous_8)","decl":{"start":{"line":85,"column":9},"end":{"line":85,"column":16}},"loc":{"start":{"line":85,"column":35},"end":{"line":88,"column":3}}},"9":{"name":"(anonymous_9)","decl":{"start":{"line":90,"column":9},"end":{"line":90,"column":17}},"loc":{"start":{"line":90,"column":17},"end":{"line":92,"column":3}}},"10":{"name":"(anonymous_10)","decl":{"start":{"line":94,"column":9},"end":{"line":94,"column":20}},"loc":{"start":{"line":94,"column":72},"end":{"line":96,"column":3}}},"11":{"name":"(anonymous_11)","decl":{"start":{"line":98,"column":2},"end":{"line":98,"column":23}},"loc":{"start":{"line":98,"column":63},"end":{"line":100,"column":3}}},"12":{"name":"(anonymous_12)","decl":{"start":{"line":102,"column":9},"end":{"line":102,"column":15}},"loc":{"start":{"line":102,"column":64},"end":{"line":131,"column":3}}}},"branchMap":{"0":{"loc":{"start":{"line":57,"column":6},"end":{"line":59,"column":null}},"type":"if","locations":[{"start":{"line":57,"column":6},"end":{"line":59,"column":null}},{"start":{"line":57,"column":6},"end":{"line":59,"column":null}}]},"1":{"loc":{"start":{"line":61,"column":6},"end":{"line":63,"column":null}},"type":"if","locations":[{"start":{"line":61,"column":6},"end":{"line":63,"column":null}},{"start":{"line":61,"column":6},"end":{"line":63,"column":null}}]},"2":{"loc":{"start":{"line":68,"column":6},"end":{"line":70,"column":null}},"type":"if","locations":[{"start":{"line":68,"column":6},"end":{"line":70,"column":null}},{"start":{"line":68,"column":6},"end":{"line":70,"column":null}}]},"3":{"loc":{"start":{"line":72,"column":6},"end":{"line":74,"column":null}},"type":"if","locations":[{"start":{"line":72,"column":6},"end":{"line":74,"column":null}},{"start":{"line":72,"column":6},"end":{"line":74,"column":null}}]},"4":{"loc":{"start":{"line":109,"column":4},"end":{"line":130,"column":null}},"type":"if","locations":[{"start":{"line":109,"column":4},"end":{"line":130,"column":null}},{"start":{"line":109,"column":4},"end":{"line":130,"column":null}}]},"5":{"loc":{"start":{"line":117,"column":39},"end":{"line":117,"column":51}},"type":"cond-expr","locations":[{"start":{"line":117,"column":39},"end":{"line":117,"column":51}},{"start":{"line":117,"column":54},"end":{"line":117,"column":55}}]},"6":{"loc":{"start":{"line":118,"column":29},"end":{"line":118,"column":40}},"type":"cond-expr","locations":[{"start":{"line":118,"column":29},"end":{"line":118,"column":40}},{"start":{"line":118,"column":43},"end":{"line":118,"column":66}}]},"7":{"loc":{"start":{"line":123,"column":6},"end":{"line":127,"column":null}},"type":"if","locations":[{"start":{"line":123,"column":6},"end":{"line":127,"column":null}},{"start":{"line":123,"column":6},"end":{"line":127,"column":null}}]}},"s":{"0":1,"1":1,"2":1,"3":1,"4":1,"5":1,"6":1,"7":3,"8":0,"9":0,"10":0,"11":0,"12":0,"13":0,"14":0,"15":0,"16":0,"17":0,"18":0,"19":0,"20":0,"21":0,"22":0,"23":0,"24":0,"25":0,"26":1,"27":1,"28":2,"29":2,"30":11,"31":0,"32":3,"33":3,"34":3,"35":0,"36":3,"37":3,"38":3,"39":3,"40":0,"41":3,"42":1},"f":{"0":3,"1":0,"2":0,"3":0,"4":0,"5":0,"6":0,"7":1,"8":2,"9":11,"10":0,"11":3,"12":3},"b":{"0":[0,0],"1":[0,0],"2":[0,0],"3":[0,0],"4":[0,3],"5":[0,3],"6":[0,3],"7":[0,3]}}
,"C:\\Users\\afons\\.jenkins\\workspace\\ddd-forum\\src\\modules\\forum\\domain\\commentId.ts": {"path":"C:\\Users\\afons\\.jenkins\\workspace\\ddd-forum\\src\\modules\\forum\\domain\\commentId.ts","statementMap":{"0":{"start":{"line":3,"column":0},"end":{"line":3,"column":53}},"1":{"start":{"line":4,"column":0},"end":{"line":4,"column":55}},"2":{"start":{"line":9,"column":4},"end":{"line":9,"column":20}},"3":{"start":{"line":13,"column":4},"end":{"line":13,"column":null}},"4":{"start":{"line":17,"column":4},"end":{"line":17,"column":51}},"5":{"start":{"line":6,"column":0},"end":{"line":6,"column":13}}},"fnMap":{"0":{"name":"(anonymous_0)","decl":{"start":{"line":8,"column":2},"end":{"line":8,"column":6}},"loc":{"start":{"line":8,"column":8},"end":{"line":10,"column":3}}},"1":{"name":"(anonymous_1)","decl":{"start":{"line":12,"column":2},"end":{"line":12,"column":23}},"loc":{"start":{"line":12,"column":42},"end":{"line":14,"column":3}}},"2":{"name":"(anonymous_2)","decl":{"start":{"line":16,"column":9},"end":{"line":16,"column":15}},"loc":{"start":{"line":16,"column":43},"end":{"line":18,"column":3}}}},"branchMap":{},"s":{"0":1,"1":1,"2":0,"3":3,"4":3,"5":1},"f":{"0":0,"1":3,"2":3},"b":{}}
,"C:\\Users\\afons\\.jenkins\\workspace\\ddd-forum\\src\\modules\\forum\\domain\\commentText.ts": {"path":"C:\\Users\\afons\\.jenkins\\workspace\\ddd-forum\\src\\modules\\forum\\domain\\commentText.ts","statementMap":{"0":{"start":{"line":2,"column":0},"end":{"line":2,"column":65}},"1":{"start":{"line":3,"column":0},"end":{"line":3,"column":53}},"2":{"start":{"line":4,"column":0},"end":{"line":4,"column":51}},"3":{"start":{"line":19,"column":4},"end":{"line":19,"column":17}},"4":{"start":{"line":15,"column":4},"end":{"line":15,"column":28}},"5":{"start":{"line":23,"column":28},"end":{"line":23,"column":84}},"6":{"start":{"line":25,"column":4},"end":{"line":27,"column":null}},"7":{"start":{"line":26,"column":6},"end":{"line":26,"column":71}},"8":{"start":{"line":29,"column":27},"end":{"line":29,"column":76}},"9":{"start":{"line":30,"column":27},"end":{"line":30,"column":75}},"10":{"start":{"line":32,"column":4},"end":{"line":34,"column":null}},"11":{"start":{"line":33,"column":6},"end":{"line":33,"column":70}},"12":{"start":{"line":36,"column":4},"end":{"line":38,"column":null}},"13":{"start":{"line":37,"column":6},"end":{"line":37,"column":70}},"14":{"start":{"line":40,"column":4},"end":{"line":40,"column":58}},"15":{"start":{"line":10,"column":0},"end":{"line":10,"column":13}},"16":{"start":{"line":11,"column":16},"end":{"line":11,"column":38}},"17":{"start":{"line":12,"column":16},"end":{"line":12,"column":42}}},"fnMap":{"0":{"name":"(anonymous_0)","decl":{"start":{"line":18,"column":2},"end":{"line":18,"column":23}},"loc":{"start":{"line":18,"column":46},"end":{"line":20,"column":3}}},"1":{"name":"(anonymous_1)","decl":{"start":{"line":14,"column":2},"end":{"line":14,"column":6}},"loc":{"start":{"line":14,"column":11},"end":{"line":16,"column":3}}},"2":{"name":"(anonymous_2)","decl":{"start":{"line":22,"column":9},"end":{"line":22,"column":15}},"loc":{"start":{"line":22,"column":47},"end":{"line":41,"column":3}}}},"branchMap":{"0":{"loc":{"start":{"line":25,"column":4},"end":{"line":27,"column":null}},"type":"if","locations":[{"start":{"line":25,"column":4},"end":{"line":27,"column":null}},{"start":{"line":25,"column":4},"end":{"line":27,"column":null}}]},"1":{"loc":{"start":{"line":32,"column":4},"end":{"line":34,"column":null}},"type":"if","locations":[{"start":{"line":32,"column":4},"end":{"line":34,"column":null}},{"start":{"line":32,"column":4},"end":{"line":34,"column":null}}]},"2":{"loc":{"start":{"line":36,"column":4},"end":{"line":38,"column":null}},"type":"if","locations":[{"start":{"line":36,"column":4},"end":{"line":38,"column":null}},{"start":{"line":36,"column":4},"end":{"line":38,"column":null}}]}},"s":{"0":1,"1":1,"2":1,"3":3,"4":0,"5":3,"6":3,"7":0,"8":3,"9":3,"10":3,"11":0,"12":3,"13":0,"14":3,"15":1,"16":1,"17":1},"f":{"0":3,"1":0,"2":3},"b":{"0":[0,3],"1":[0,3],"2":[0,3]}}
,"C:\\Users\\afons\\.jenkins\\workspace\\ddd-forum\\src\\modules\\forum\\domain\\commentVote.ts": {"path":"C:\\Users\\afons\\.jenkins\\workspace\\ddd-forum\\src\\modules\\forum\\domain\\commentVote.ts","statementMap":{"0":{"start":{"line":2,"column":0},"end":{"line":2,"column":55}},"1":{"start":{"line":4,"column":0},"end":{"line":4,"column":53}},"2":{"start":{"line":7,"column":0},"end":{"line":7,"column":51}},"3":{"start":{"line":19,"column":4},"end":{"line":19,"column":20}},"4":{"start":{"line":23,"column":4},"end":{"line":23,"column":32}},"5":{"start":{"line":27,"column":4},"end":{"line":27,"column":31}},"6":{"start":{"line":31,"column":4},"end":{"line":31,"column":27}},"7":{"start":{"line":35,"column":4},"end":{"line":35,"column":40}},"8":{"start":{"line":39,"column":4},"end":{"line":39,"column":42}},"9":{"start":{"line":43,"column":4},"end":{"line":43,"column":21}},"10":{"start":{"line":47,"column":24},"end":{"line":51,"column":6}},"11":{"start":{"line":53,"column":4},"end":{"line":57,"column":null}},"12":{"start":{"line":54,"column":6},"end":{"line":54,"column":67}},"13":{"start":{"line":56,"column":6},"end":{"line":56,"column":64}},"14":{"start":{"line":61,"column":24},"end":{"line":61,"column":74}},"15":{"start":{"line":62,"column":22},"end":{"line":62,"column":74}},"16":{"start":{"line":64,"column":4},"end":{"line":66,"column":null}},"17":{"start":{"line":65,"column":6},"end":{"line":65,"column":67}},"18":{"start":{"line":68,"column":4},"end":{"line":70,"column":null}},"19":{"start":{"line":69,"column":6},"end":{"line":69,"column":65}},"20":{"start":{"line":72,"column":4},"end":{"line":76,"column":8}},"21":{"start":{"line":80,"column":24},"end":{"line":80,"column":74}},"22":{"start":{"line":81,"column":22},"end":{"line":81,"column":74}},"23":{"start":{"line":83,"column":4},"end":{"line":85,"column":null}},"24":{"start":{"line":84,"column":6},"end":{"line":84,"column":67}},"25":{"start":{"line":87,"column":4},"end":{"line":89,"column":null}},"26":{"start":{"line":88,"column":6},"end":{"line":88,"column":65}},"27":{"start":{"line":91,"column":4},"end":{"line":95,"column":8}},"28":{"start":{"line":16,"column":0},"end":{"line":16,"column":13}}},"fnMap":{"0":{"name":"(anonymous_0)","decl":{"start":{"line":18,"column":2},"end":{"line":18,"column":6}},"loc":{"start":{"line":18,"column":8},"end":{"line":20,"column":3}}},"1":{"name":"(anonymous_1)","decl":{"start":{"line":22,"column":2},"end":{"line":22,"column":6}},"loc":{"start":{"line":22,"column":15},"end":{"line":24,"column":3}}},"2":{"name":"(anonymous_2)","decl":{"start":{"line":26,"column":2},"end":{"line":26,"column":6}},"loc":{"start":{"line":26,"column":14},"end":{"line":28,"column":3}}},"3":{"name":"(anonymous_3)","decl":{"start":{"line":30,"column":2},"end":{"line":30,"column":6}},"loc":{"start":{"line":30,"column":10},"end":{"line":32,"column":3}}},"4":{"name":"(anonymous_4)","decl":{"start":{"line":34,"column":9},"end":{"line":34,"column":17}},"loc":{"start":{"line":34,"column":17},"end":{"line":36,"column":3}}},"5":{"name":"(anonymous_5)","decl":{"start":{"line":38,"column":9},"end":{"line":38,"column":19}},"loc":{"start":{"line":38,"column":19},"end":{"line":40,"column":3}}},"6":{"name":"(anonymous_6)","decl":{"start":{"line":42,"column":2},"end":{"line":42,"column":23}},"loc":{"start":{"line":42,"column":67},"end":{"line":44,"column":3}}},"7":{"name":"(anonymous_7)","decl":{"start":{"line":46,"column":9},"end":{"line":46,"column":15}},"loc":{"start":{"line":46,"column":68},"end":{"line":58,"column":3}}},"8":{"name":"(anonymous_8)","decl":{"start":{"line":60,"column":9},"end":{"line":60,"column":15}},"loc":{"start":{"line":60,"column":70},"end":{"line":77,"column":3}}},"9":{"name":"(anonymous_9)","decl":{"start":{"line":79,"column":9},"end":{"line":79,"column":15}},"loc":{"start":{"line":79,"column":72},"end":{"line":96,"column":3}}}},"branchMap":{"0":{"loc":{"start":{"line":53,"column":4},"end":{"line":57,"column":null}},"type":"if","locations":[{"start":{"line":53,"column":4},"end":{"line":57,"column":null}},{"start":{"line":53,"column":4},"end":{"line":57,"column":null}}]},"1":{"loc":{"start":{"line":64,"column":4},"end":{"line":66,"column":null}},"type":"if","locations":[{"start":{"line":64,"column":4},"end":{"line":66,"column":null}},{"start":{"line":64,"column":4},"end":{"line":66,"column":null}}]},"2":{"loc":{"start":{"line":68,"column":4},"end":{"line":70,"column":null}},"type":"if","locations":[{"start":{"line":68,"column":4},"end":{"line":70,"column":null}},{"start":{"line":68,"column":4},"end":{"line":70,"column":null}}]},"3":{"loc":{"start":{"line":83,"column":4},"end":{"line":85,"column":null}},"type":"if","locations":[{"start":{"line":83,"column":4},"end":{"line":85,"column":null}},{"start":{"line":83,"column":4},"end":{"line":85,"column":null}}]},"4":{"loc":{"start":{"line":87,"column":4},"end":{"line":89,"column":null}},"type":"if","locations":[{"start":{"line":87,"column":4},"end":{"line":89,"column":null}},{"start":{"line":87,"column":4},"end":{"line":89,"column":null}}]}},"s":{"0":1,"1":1,"2":1,"3":0,"4":0,"5":1,"6":0,"7":1,"8":5,"9":3,"10":0,"11":0,"12":0,"13":0,"14":1,"15":1,"16":1,"17":0,"18":1,"19":0,"20":1,"21":2,"22":2,"23":2,"24":0,"25":2,"26":0,"27":2,"28":1},"f":{"0":0,"1":0,"2":1,"3":0,"4":1,"5":5,"6":3,"7":0,"8":1,"9":2},"b":{"0":[0,0],"1":[0,1],"2":[0,1],"3":[0,2],"4":[0,2]}}
,"C:\\Users\\afons\\.jenkins\\workspace\\ddd-forum\\src\\modules\\forum\\domain\\commentVotes.ts": {"path":"C:\\Users\\afons\\.jenkins\\workspace\\ddd-forum\\src\\modules\\forum\\domain\\commentVotes.ts","statementMap":{"0":{"start":{"line":3,"column":0},"end":{"line":3,"column":65}},"1":{"start":{"line":7,"column":4},"end":{"line":7,"column":null}},"2":{"start":{"line":11,"column":4},"end":{"line":11,"column":null}},"3":{"start":{"line":15,"column":4},"end":{"line":15,"column":62}},"4":{"start":{"line":5,"column":0},"end":{"line":5,"column":13}}},"fnMap":{"0":{"name":"(anonymous_0)","decl":{"start":{"line":6,"column":2},"end":{"line":6,"column":23}},"loc":{"start":{"line":6,"column":50},"end":{"line":8,"column":3}}},"1":{"name":"(anonymous_1)","decl":{"start":{"line":10,"column":9},"end":{"line":10,"column":21}},"loc":{"start":{"line":10,"column":53},"end":{"line":12,"column":3}}},"2":{"name":"(anonymous_2)","decl":{"start":{"line":14,"column":9},"end":{"line":14,"column":15}},"loc":{"start":{"line":14,"column":52},"end":{"line":16,"column":3}}}},"branchMap":{"0":{"loc":{"start":{"line":15,"column":43},"end":{"line":15,"column":55}},"type":"cond-expr","locations":[{"start":{"line":15,"column":43},"end":{"line":15,"column":55}},{"start":{"line":15,"column":58},"end":{"line":15,"column":60}}]}},"s":{"0":1,"1":3,"2":0,"3":3,"4":1},"f":{"0":3,"1":0,"2":3},"b":{"0":[3,0]}}
,"C:\\Users\\afons\\.jenkins\\workspace\\ddd-forum\\src\\modules\\forum\\domain\\comments.ts": {"path":"C:\\Users\\afons\\.jenkins\\workspace\\ddd-forum\\src\\modules\\forum\\domain\\comments.ts","statementMap":{"0":{"start":{"line":2,"column":0},"end":{"line":2,"column":65}},"1":{"start":{"line":7,"column":4},"end":{"line":7,"column":null}},"2":{"start":{"line":11,"column":4},"end":{"line":11,"column":null}},"3":{"start":{"line":15,"column":4},"end":{"line":15,"column":50}},"4":{"start":{"line":5,"column":0},"end":{"line":5,"column":13}}},"fnMap":{"0":{"name":"(anonymous_0)","decl":{"start":{"line":6,"column":2},"end":{"line":6,"column":23}},"loc":{"start":{"line":6,"column":46},"end":{"line":8,"column":3}}},"1":{"name":"(anonymous_1)","decl":{"start":{"line":10,"column":9},"end":{"line":10,"column":21}},"loc":{"start":{"line":10,"column":45},"end":{"line":12,"column":3}}},"2":{"name":"(anonymous_2)","decl":{"start":{"line":14,"column":9},"end":{"line":14,"column":15}},"loc":{"start":{"line":14,"column":44},"end":{"line":16,"column":3}}}},"branchMap":{"0":{"loc":{"start":{"line":15,"column":35},"end":{"line":15,"column":43}},"type":"cond-expr","locations":[{"start":{"line":15,"column":35},"end":{"line":15,"column":43}},{"start":{"line":15,"column":46},"end":{"line":15,"column":48}}]}},"s":{"0":1,"1":3,"2":15,"3":3,"4":1},"f":{"0":3,"1":15,"2":3},"b":{"0":[3,0]}}
,"C:\\Users\\afons\\.jenkins\\workspace\\ddd-forum\\src\\modules\\forum\\domain\\member.ts": {"path":"C:\\Users\\afons\\.jenkins\\workspace\\ddd-forum\\src\\modules\\forum\\domain\\member.ts","statementMap":{"0":{"start":{"line":2,"column":0},"end":{"line":2,"column":69}},"1":{"start":{"line":4,"column":0},"end":{"line":4,"column":53}},"2":{"start":{"line":7,"column":0},"end":{"line":7,"column":51}},"3":{"start":{"line":8,"column":0},"end":{"line":8,"column":55}},"4":{"start":{"line":9,"column":0},"end":{"line":9,"column":38}},"5":{"start":{"line":20,"column":4},"end":{"line":21,"column":18}},"6":{"start":{"line":25,"column":4},"end":{"line":25,"column":29}},"7":{"start":{"line":29,"column":4},"end":{"line":29,"column":31}},"8":{"start":{"line":33,"column":4},"end":{"line":33,"column":33}},"9":{"start":{"line":37,"column":4},"end":{"line":37,"column":null}},"10":{"start":{"line":41,"column":24},"end":{"line":44,"column":6}},"11":{"start":{"line":46,"column":4},"end":{"line":48,"column":null}},"12":{"start":{"line":47,"column":6},"end":{"line":47,"column":62}},"13":{"start":{"line":50,"column":23},"end":{"line":52,"column":null}},"14":{"start":{"line":55,"column":19},"end":{"line":55,"column":48}},"15":{"start":{"line":56,"column":24},"end":{"line":56,"column":38}},"16":{"start":{"line":58,"column":4},"end":{"line":60,"column":null}},"17":{"start":{"line":59,"column":6},"end":{"line":59,"column":55}},"18":{"start":{"line":62,"column":4},"end":{"line":62,"column":37}},"19":{"start":{"line":17,"column":0},"end":{"line":17,"column":13}}},"fnMap":{"0":{"name":"(anonymous_0)","decl":{"start":{"line":19,"column":2},"end":{"line":19,"column":6}},"loc":{"start":{"line":19,"column":14},"end":{"line":22,"column":3}}},"1":{"name":"(anonymous_1)","decl":{"start":{"line":24,"column":2},"end":{"line":24,"column":6}},"loc":{"start":{"line":24,"column":12},"end":{"line":26,"column":3}}},"2":{"name":"(anonymous_2)","decl":{"start":{"line":28,"column":2},"end":{"line":28,"column":6}},"loc":{"start":{"line":28,"column":14},"end":{"line":30,"column":3}}},"3":{"name":"(anonymous_3)","decl":{"start":{"line":32,"column":2},"end":{"line":32,"column":6}},"loc":{"start":{"line":32,"column":16},"end":{"line":34,"column":3}}},"4":{"name":"(anonymous_4)","decl":{"start":{"line":36,"column":2},"end":{"line":36,"column":23}},"loc":{"start":{"line":36,"column":62},"end":{"line":38,"column":3}}},"5":{"name":"(anonymous_5)","decl":{"start":{"line":40,"column":9},"end":{"line":40,"column":15}},"loc":{"start":{"line":40,"column":63},"end":{"line":63,"column":3}}}},"branchMap":{"0":{"loc":{"start":{"line":46,"column":4},"end":{"line":48,"column":null}},"type":"if","locations":[{"start":{"line":46,"column":4},"end":{"line":48,"column":null}},{"start":{"line":46,"column":4},"end":{"line":48,"column":null}}]},"1":{"loc":{"start":{"line":52,"column":37},"end":{"line":52,"column":53}},"type":"cond-expr","locations":[{"start":{"line":52,"column":37},"end":{"line":52,"column":53}},{"start":{"line":52,"column":56},"end":{"line":52,"column":57}}]},"2":{"loc":{"start":{"line":58,"column":4},"end":{"line":60,"column":null}},"type":"if","locations":[{"start":{"line":58,"column":4},"end":{"line":60,"column":null}},{"start":{"line":58,"column":4},"end":{"line":60,"column":null}}]}},"s":{"0":1,"1":1,"2":1,"3":1,"4":1,"5":2,"6":0,"7":0,"8":0,"9":2,"10":2,"11":2,"12":0,"13":2,"14":2,"15":2,"16":2,"17":0,"18":2,"19":1},"f":{"0":2,"1":0,"2":0,"3":0,"4":2,"5":2},"b":{"0":[0,2],"1":[0,2],"2":[0,2]}}
,"C:\\Users\\afons\\.jenkins\\workspace\\ddd-forum\\src\\modules\\forum\\domain\\memberId.ts": {"path":"C:\\Users\\afons\\.jenkins\\workspace\\ddd-forum\\src\\modules\\forum\\domain\\memberId.ts","statementMap":{"0":{"start":{"line":3,"column":0},"end":{"line":3,"column":53}},"1":{"start":{"line":4,"column":0},"end":{"line":4,"column":55}},"2":{"start":{"line":10,"column":4},"end":{"line":10,"column":20}},"3":{"start":{"line":14,"column":4},"end":{"line":14,"column":null}},"4":{"start":{"line":18,"column":4},"end":{"line":18,"column":49}},"5":{"start":{"line":7,"column":0},"end":{"line":7,"column":13}}},"fnMap":{"0":{"name":"(anonymous_0)","decl":{"start":{"line":9,"column":2},"end":{"line":9,"column":6}},"loc":{"start":{"line":9,"column":8},"end":{"line":11,"column":3}}},"1":{"name":"(anonymous_1)","decl":{"start":{"line":13,"column":2},"end":{"line":13,"column":23}},"loc":{"start":{"line":13,"column":42},"end":{"line":15,"column":3}}},"2":{"name":"(anonymous_2)","decl":{"start":{"line":17,"column":9},"end":{"line":17,"column":15}},"loc":{"start":{"line":17,"column":43},"end":{"line":19,"column":3}}}},"branchMap":{},"s":{"0":1,"1":1,"2":2,"3":4,"4":4,"5":1},"f":{"0":2,"1":4,"2":4},"b":{}}
,"C:\\Users\\afons\\.jenkins\\workspace\\ddd-forum\\src\\modules\\forum\\domain\\post.ts": {"path":"C:\\Users\\afons\\.jenkins\\workspace\\ddd-forum\\src\\modules\\forum\\domain\\post.ts","statementMap":{"0":{"start":{"line":2,"column":0},"end":{"line":2,"column":69}},"1":{"start":{"line":4,"column":0},"end":{"line":4,"column":74}},"2":{"start":{"line":8,"column":0},"end":{"line":8,"column":34}},"3":{"start":{"line":11,"column":0},"end":{"line":11,"column":67}},"4":{"start":{"line":12,"column":0},"end":{"line":12,"column":28}},"5":{"start":{"line":13,"column":0},"end":{"line":13,"column":51}},"6":{"start":{"line":16,"column":0},"end":{"line":16,"column":55}},"7":{"start":{"line":17,"column":0},"end":{"line":17,"column":38}},"8":{"start":{"line":18,"column":0},"end":{"line":18,"column":61}},"9":{"start":{"line":19,"column":0},"end":{"line":19,"column":40}},"10":{"start":{"line":20,"column":0},"end":{"line":20,"column":38}},"11":{"start":{"line":21,"column":0},"end":{"line":21,"column":67}},"12":{"start":{"line":22,"column":0},"end":{"line":22,"column":74}},"13":{"start":{"line":48,"column":4},"end":{"line":49,"column":16}},"14":{"start":{"line":53,"column":4},"end":{"line":53,"column":31}},"15":{"start":{"line":57,"column":4},"end":{"line":57,"column":28}},"16":{"start":{"line":61,"column":4},"end":{"line":61,"column":27}},"17":{"start":{"line":65,"column":4},"end":{"line":65,"column":37}},"18":{"start":{"line":69,"column":4},"end":{"line":69,"column":31}},"19":{"start":{"line":73,"column":4},"end":{"line":73,"column":29}},"20":{"start":{"line":77,"column":4},"end":{"line":77,"column":27}},"21":{"start":{"line":81,"column":4},"end":{"line":81,"column":27}},"22":{"start":{"line":85,"column":4},"end":{"line":85,"column":27}},"23":{"start":{"line":89,"column":4},"end":{"line":89,"column":39}},"24":{"start":{"line":93,"column":4},"end":{"line":95,"column":null}},"25":{"start":{"line":94,"column":6},"end":{"line":94,"column":48}},"26":{"start":{"line":99,"column":4},"end":{"line":99,"column":39}},"27":{"start":{"line":103,"column":4},"end":{"line":105,"column":null}},"28":{"start":{"line":104,"column":6},"end":{"line":104,"column":null}},"29":{"start":{"line":107,"column":4},"end":{"line":109,"column":null}},"30":{"start":{"line":108,"column":6},"end":{"line":108,"column":null}},"31":{"start":{"line":111,"column":24},"end":{"line":111,"column":74}},"32":{"start":{"line":113,"column":4},"end":{"line":115,"column":null}},"33":{"start":{"line":114,"column":6},"end":{"line":114,"column":null}},"34":{"start":{"line":117,"column":4},"end":{"line":117,"column":31}},"35":{"start":{"line":118,"column":4},"end":{"line":118,"column":36}},"36":{"start":{"line":122,"column":4},"end":{"line":124,"column":null}},"37":{"start":{"line":123,"column":6},"end":{"line":123,"column":null}},"38":{"start":{"line":126,"column":4},"end":{"line":128,"column":null}},"39":{"start":{"line":127,"column":6},"end":{"line":127,"column":null}},"40":{"start":{"line":130,"column":24},"end":{"line":130,"column":74}},"41":{"start":{"line":132,"column":4},"end":{"line":134,"column":null}},"42":{"start":{"line":133,"column":6},"end":{"line":133,"column":null}},"43":{"start":{"line":136,"column":4},"end":{"line":136,"column":31}},"44":{"start":{"line":137,"column":4},"end":{"line":137,"column":36}},"45":{"start":{"line":146,"column":4},"end":{"line":147,"column":null}},"46":{"start":{"line":151,"column":4},"end":{"line":151,"column":31}},"47":{"start":{"line":152,"column":4},"end":{"line":152,"column":58}},"48":{"start":{"line":153,"column":4},"end":{"line":153,"column":29}},"49":{"start":{"line":157,"column":4},"end":{"line":157,"column":34}},"50":{"start":{"line":158,"column":4},"end":{"line":158,"column":58}},"51":{"start":{"line":159,"column":4},"end":{"line":159,"column":29}},"52":{"start":{"line":163,"column":4},"end":{"line":165,"column":null}},"53":{"start":{"line":164,"column":6},"end":{"line":164,"column":42}},"54":{"start":{"line":169,"column":4},"end":{"line":169,"column":40}},"55":{"start":{"line":170,"column":4},"end":{"line":170,"column":37}},"56":{"start":{"line":171,"column":4},"end":{"line":171,"column":34}},"57":{"start":{"line":172,"column":4},"end":{"line":172,"column":58}},"58":{"start":{"line":173,"column":4},"end":{"line":173,"column":29}},"59":{"start":{"line":177,"column":4},"end":{"line":177,"column":40}},"60":{"start":{"line":178,"column":4},"end":{"line":178,"column":37}},"61":{"start":{"line":179,"column":4},"end":{"line":179,"column":64}},"62":{"start":{"line":180,"column":4},"end":{"line":180,"column":29}},"63":{"start":{"line":184,"column":4},"end":{"line":184,"column":38}},"64":{"start":{"line":188,"column":4},"end":{"line":188,"column":38}},"65":{"start":{"line":192,"column":4},"end":{"line":192,"column":28}},"66":{"start":{"line":196,"column":4},"end":{"line":196,"column":21}},"67":{"start":{"line":200,"column":31},"end":{"line":200,"column":37}},"68":{"start":{"line":201,"column":31},"end":{"line":201,"column":37}},"69":{"start":{"line":202,"column":4},"end":{"line":202,"column":56}},"70":{"start":{"line":206,"column":40},"end":{"line":211,"column":6}},"71":{"start":{"line":213,"column":4},"end":{"line":217,"column":null}},"72":{"start":{"line":214,"column":6},"end":{"line":214,"column":null}},"73":{"start":{"line":216,"column":6},"end":{"line":216,"column":null}},"74":{"start":{"line":219,"column":24},"end":{"line":219,"column":67}},"75":{"start":{"line":221,"column":4},"end":{"line":223,"column":null}},"76":{"start":{"line":222,"column":6},"end":{"line":222,"column":60}},"77":{"start":{"line":225,"column":4},"end":{"line":227,"column":null}},"78":{"start":{"line":226,"column":6},"end":{"line":226,"column":null}},"79":{"start":{"line":229,"column":23},"end":{"line":235,"column":null}},"80":{"start":{"line":238,"column":22},"end":{"line":238,"column":36}},"81":{"start":{"line":239,"column":17},"end":{"line":239,"column":44}},"82":{"start":{"line":241,"column":4},"end":{"line":248,"column":null}},"83":{"start":{"line":242,"column":6},"end":{"line":242,"column":49}},"84":{"start":{"line":245,"column":6},"end":{"line":247,"column":null}},"85":{"start":{"line":250,"column":4},"end":{"line":250,"column":33}},"86":{"start":{"line":45,"column":0},"end":{"line":45,"column":13}}},"fnMap":{"0":{"name":"(anonymous_0)","decl":{"start":{"line":47,"column":2},"end":{"line":47,"column":6}},"loc":{"start":{"line":47,"column":12},"end":{"line":50,"column":3}}},"1":{"name":"(anonymous_1)","decl":{"start":{"line":52,"column":2},"end":{"line":52,"column":6}},"loc":{"start":{"line":52,"column":14},"end":{"line":54,"column":3}}},"2":{"name":"(anonymous_2)","decl":{"start":{"line":56,"column":2},"end":{"line":56,"column":6}},"loc":{"start":{"line":56,"column":11},"end":{"line":58,"column":3}}},"3":{"name":"(anonymous_3)","decl":{"start":{"line":60,"column":2},"end":{"line":60,"column":6}},"loc":{"start":{"line":60,"column":10},"end":{"line":62,"column":3}}},"4":{"name":"(anonymous_4)","decl":{"start":{"line":64,"column":2},"end":{"line":64,"column":6}},"loc":{"start":{"line":64,"column":20},"end":{"line":66,"column":3}}},"5":{"name":"(anonymous_5)","decl":{"start":{"line":68,"column":2},"end":{"line":68,"column":6}},"loc":{"start":{"line":68,"column":14},"end":{"line":70,"column":3}}},"6":{"name":"(anonymous_6)","decl":{"start":{"line":72,"column":2},"end":{"line":72,"column":6}},"loc":{"start":{"line":72,"column":12},"end":{"line":74,"column":3}}},"7":{"name":"(anonymous_7)","decl":{"start":{"line":76,"column":2},"end":{"line":76,"column":6}},"loc":{"start":{"line":76,"column":10},"end":{"line":78,"column":3}}},"8":{"name":"(anonymous_8)","decl":{"start":{"line":80,"column":2},"end":{"line":80,"column":6}},"loc":{"start":{"line":80,"column":10},"end":{"line":82,"column":3}}},"9":{"name":"(anonymous_9)","decl":{"start":{"line":84,"column":2},"end":{"line":84,"column":6}},"loc":{"start":{"line":84,"column":10},"end":{"line":86,"column":3}}},"10":{"name":"(anonymous_10)","decl":{"start":{"line":88,"column":2},"end":{"line":88,"column":6}},"loc":{"start":{"line":88,"column":22},"end":{"line":90,"column":3}}},"11":{"name":"(anonymous_11)","decl":{"start":{"line":92,"column":9},"end":{"line":92,"column":34}},"loc":{"start":{"line":92,"column":55},"end":{"line":96,"column":3}}},"12":{"name":"(anonymous_12)","decl":{"start":{"line":98,"column":9},"end":{"line":98,"column":20}},"loc":{"start":{"line":98,"column":20},"end":{"line":100,"column":3}}},"13":{"name":"(anonymous_13)","decl":{"start":{"line":102,"column":9},"end":{"line":102,"column":19}},"loc":{"start":{"line":102,"column":39},"end":{"line":119,"column":3}}},"14":{"name":"(anonymous_14)","decl":{"start":{"line":121,"column":9},"end":{"line":121,"column":19}},"loc":{"start":{"line":121,"column":39},"end":{"line":138,"column":3}}},"15":{"name":"(anonymous_15)","decl":{"start":{"line":140,"column":9},"end":{"line":140,"column":24}},"loc":{"start":{"line":144,"column":35},"end":{"line":148,"column":3}}},"16":{"name":"(anonymous_16)","decl":{"start":{"line":150,"column":9},"end":{"line":150,"column":16}},"loc":{"start":{"line":150,"column":32},"end":{"line":154,"column":3}}},"17":{"name":"(anonymous_17)","decl":{"start":{"line":156,"column":9},"end":{"line":156,"column":19}},"loc":{"start":{"line":156,"column":35},"end":{"line":160,"column":3}}},"18":{"name":"(anonymous_18)","decl":{"start":{"line":162,"column":10},"end":{"line":162,"column":31}},"loc":{"start":{"line":162,"column":49},"end":{"line":166,"column":3}}},"19":{"name":"(anonymous_19)","decl":{"start":{"line":168,"column":9},"end":{"line":168,"column":19}},"loc":{"start":{"line":168,"column":37},"end":{"line":174,"column":3}}},"20":{"name":"(anonymous_20)","decl":{"start":{"line":176,"column":9},"end":{"line":176,"column":22}},"loc":{"start":{"line":176,"column":40},"end":{"line":181,"column":3}}},"21":{"name":"(anonymous_21)","decl":{"start":{"line":183,"column":9},"end":{"line":183,"column":19}},"loc":{"start":{"line":183,"column":19},"end":{"line":185,"column":3}}},"22":{"name":"(anonymous_22)","decl":{"start":{"line":187,"column":9},"end":{"line":187,"column":19}},"loc":{"start":{"line":187,"column":19},"end":{"line":189,"column":3}}},"23":{"name":"(anonymous_23)","decl":{"start":{"line":191,"column":9},"end":{"line":191,"column":17}},"loc":{"start":{"line":191,"column":17},"end":{"line":193,"column":3}}},"24":{"name":"(anonymous_24)","decl":{"start":{"line":195,"column":2},"end":{"line":195,"column":23}},"loc":{"start":{"line":195,"column":60},"end":{"line":197,"column":3}}},"25":{"name":"(anonymous_25)","decl":{"start":{"line":199,"column":9},"end":{"line":199,"column":15}},"loc":{"start":{"line":199,"column":48},"end":{"line":203,"column":3}}},"26":{"name":"(anonymous_26)","decl":{"start":{"line":205,"column":9},"end":{"line":205,"column":15}},"loc":{"start":{"line":205,"column":61},"end":{"line":251,"column":3}}}},"branchMap":{"0":{"loc":{"start":{"line":93,"column":4},"end":{"line":95,"column":null}},"type":"if","locations":[{"start":{"line":93,"column":4},"end":{"line":95,"column":null}},{"start":{"line":93,"column":4},"end":{"line":95,"column":null}}]},"1":{"loc":{"start":{"line":103,"column":4},"end":{"line":105,"column":null}},"type":"if","locations":[{"start":{"line":103,"column":4},"end":{"line":105,"column":null}},{"start":{"line":103,"column":4},"end":{"line":105,"column":null}}]},"2":{"loc":{"start":{"line":107,"column":4},"end":{"line":109,"column":null}},"type":"if","locations":[{"start":{"line":107,"column":4},"end":{"line":109,"column":null}},{"start":{"line":107,"column":4},"end":{"line":109,"column":null}}]},"3":{"loc":{"start":{"line":113,"column":4},"end":{"line":115,"column":null}},"type":"if","locations":[{"start":{"line":113,"column":4},"end":{"line":115,"column":null}},{"start":{"line":113,"column":4},"end":{"line":115,"column":null}}]},"4":{"loc":{"start":{"line":122,"column":4},"end":{"line":124,"column":null}},"type":"if","locations":[{"start":{"line":122,"column":4},"end":{"line":124,"column":null}},{"start":{"line":122,"column":4},"end":{"line":124,"column":null}}]},"5":{"loc":{"start":{"line":126,"column":4},"end":{"line":128,"column":null}},"type":"if","locations":[{"start":{"line":126,"column":4},"end":{"line":128,"column":null}},{"start":{"line":126,"column":4},"end":{"line":128,"column":null}}]},"6":{"loc":{"start":{"line":132,"column":4},"end":{"line":134,"column":null}},"type":"if","locations":[{"start":{"line":132,"column":4},"end":{"line":134,"column":null}},{"start":{"line":132,"column":4},"end":{"line":134,"column":null}}]},"7":{"loc":{"start":{"line":163,"column":4},"end":{"line":165,"column":null}},"type":"if","locations":[{"start":{"line":163,"column":4},"end":{"line":165,"column":null}},{"start":{"line":163,"column":4},"end":{"line":165,"column":null}}]},"8":{"loc":{"start":{"line":202,"column":11},"end":{"line":202,"column":31}},"type":"binary-expr","locations":[{"start":{"line":202,"column":11},"end":{"line":202,"column":31}},{"start":{"line":202,"column":35},"end":{"line":202,"column":55}}]},"9":{"loc":{"start":{"line":213,"column":4},"end":{"line":217,"column":null}},"type":"if","locations":[{"start":{"line":213,"column":4},"end":{"line":217,"column":null}},{"start":{"line":213,"column":4},"end":{"line":217,"column":null}}]},"10":{"loc":{"start":{"line":221,"column":4},"end":{"line":223,"column":null}},"type":"if","locations":[{"start":{"line":221,"column":4},"end":{"line":223,"column":null}},{"start":{"line":221,"column":4},"end":{"line":223,"column":null}}]},"11":{"loc":{"start":{"line":225,"column":4},"end":{"line":227,"column":null}},"type":"if","locations":[{"start":{"line":225,"column":4},"end":{"line":227,"column":null}},{"start":{"line":225,"column":4},"end":{"line":227,"column":null}}]},"12":{"loc":{"start":{"line":231,"column":33},"end":{"line":231,"column":47}},"type":"cond-expr","locations":[{"start":{"line":231,"column":33},"end":{"line":231,"column":47}},{"start":{"line":231,"column":50},"end":{"line":231,"column":69}}]},"13":{"loc":{"start":{"line":232,"column":37},"end":{"line":232,"column":49}},"type":"cond-expr","locations":[{"start":{"line":232,"column":37},"end":{"line":232,"column":49}},{"start":{"line":232,"column":52},"end":{"line":232,"column":53}}]},"14":{"loc":{"start":{"line":233,"column":45},"end":{"line":233,"column":65}},"type":"cond-expr","locations":[{"start":{"line":233,"column":45},"end":{"line":233,"column":65}},{"start":{"line":233,"column":68},"end":{"line":233,"column":78}}]},"15":{"loc":{"start":{"line":234,"column":49},"end":{"line":234,"column":71}},"type":"cond-expr","locations":[{"start":{"line":234,"column":49},"end":{"line":234,"column":71}},{"start":{"line":234,"column":74},"end":{"line":234,"column":75}}]},"16":{"loc":{"start":{"line":235,"column":27},"end":{"line":235,"column":38}},"type":"cond-expr","locations":[{"start":{"line":235,"column":27},"end":{"line":235,"column":38}},{"start":{"line":235,"column":41},"end":{"line":235,"column":61}}]},"17":{"loc":{"start":{"line":241,"column":4},"end":{"line":248,"column":null}},"type":"if","locations":[{"start":{"line":241,"column":4},"end":{"line":248,"column":null}},{"start":{"line":241,"column":4},"end":{"line":248,"column":null}}]}},"s":{"0":1,"1":1,"2":1,"3":1,"4":1,"5":1,"6":1,"7":1,"8":1,"9":1,"10":1,"11":1,"12":1,"13":6,"14":0,"15":0,"16":0,"17":0,"18":0,"19":0,"20":0,"21":0,"22":0,"23":0,"24":0,"25":0,"26":0,"27":0,"28":0,"29":0,"30":0,"31":0,"32":0,"33":0,"34":0,"35":0,"36":0,"37":0,"38":0,"39":0,"40":0,"41":0,"42":0,"43":0,"44":0,"45":0,"46":3,"47":3,"48":3,"49":0,"50":0,"51":0,"52":6,"53":3,"54":3,"55":3,"56":3,"57":3,"58":3,"59":3,"60":3,"61":3,"62":3,"63":0,"64":0,"65":0,"66":3,"67":3,"68":3,"69":3,"70":3,"71":3,"72":0,"73":3,"74":3,"75":3,"76":0,"77":3,"78":0,"79":3,"80":3,"81":3,"82":3,"83":3,"84":3,"85":3,"86":1},"f":{"0":6,"1":0,"2":0,"3":0,"4":0,"5":0,"6":0,"7":0,"8":0,"9":0,"10":0,"11":0,"12":0,"13":0,"14":0,"15":0,"16":3,"17":0,"18":6,"19":3,"20":3,"21":0,"22":0,"23":0,"24":3,"25":3,"26":3},"b":{"0":[0,0],"1":[0,0],"2":[0,0],"3":[0,0],"4":[0,0],"5":[0,0],"6":[0,0],"7":[3,3],"8":[3,0],"9":[0,3],"10":[0,3],"11":[0,3],"12":[0,3],"13":[0,3],"14":[0,3],"15":[0,3],"16":[0,3],"17":[3,0]}}
,"C:\\Users\\afons\\.jenkins\\workspace\\ddd-forum\\src\\modules\\forum\\domain\\postId.ts": {"path":"C:\\Users\\afons\\.jenkins\\workspace\\ddd-forum\\src\\modules\\forum\\domain\\postId.ts","statementMap":{"0":{"start":{"line":3,"column":0},"end":{"line":3,"column":53}},"1":{"start":{"line":4,"column":0},"end":{"line":4,"column":55}},"2":{"start":{"line":9,"column":4},"end":{"line":9,"column":20}},"3":{"start":{"line":13,"column":4},"end":{"line":13,"column":null}},"4":{"start":{"line":17,"column":4},"end":{"line":17,"column":45}},"5":{"start":{"line":6,"column":0},"end":{"line":6,"column":13}}},"fnMap":{"0":{"name":"(anonymous_0)","decl":{"start":{"line":8,"column":2},"end":{"line":8,"column":6}},"loc":{"start":{"line":8,"column":8},"end":{"line":10,"column":3}}},"1":{"name":"(anonymous_1)","decl":{"start":{"line":12,"column":2},"end":{"line":12,"column":23}},"loc":{"start":{"line":12,"column":42},"end":{"line":14,"column":3}}},"2":{"name":"(anonymous_2)","decl":{"start":{"line":16,"column":9},"end":{"line":16,"column":15}},"loc":{"start":{"line":16,"column":43},"end":{"line":18,"column":3}}}},"branchMap":{},"s":{"0":1,"1":1,"2":0,"3":6,"4":6,"5":1},"f":{"0":0,"1":6,"2":6},"b":{}}
,"C:\\Users\\afons\\.jenkins\\workspace\\ddd-forum\\src\\modules\\forum\\domain\\postSlug.ts": {"path":"C:\\Users\\afons\\.jenkins\\workspace\\ddd-forum\\src\\modules\\forum\\domain\\postSlug.ts","statementMap":{"0":{"start":{"line":2,"column":0},"end":{"line":2,"column":65}},"1":{"start":{"line":3,"column":0},"end":{"line":3,"column":53}},"2":{"start":{"line":5,"column":0},"end":{"line":5,"column":24}},"3":{"start":{"line":6,"column":0},"end":{"line":6,"column":60}},"4":{"start":{"line":8,"column":0},"end":{"line":8,"column":29}},"5":{"start":{"line":9,"column":0},"end":{"line":15,"column":2}},"6":{"start":{"line":24,"column":4},"end":{"line":24,"column":28}},"7":{"start":{"line":28,"column":4},"end":{"line":28,"column":null}},"8":{"start":{"line":32,"column":4},"end":{"line":36,"column":null}},"9":{"start":{"line":33,"column":6},"end":{"line":33,"column":68}},"10":{"start":{"line":35,"column":6},"end":{"line":35,"column":null}},"11":{"start":{"line":40,"column":21},"end":{"line":40,"column":23}},"12":{"start":{"line":44,"column":4},"end":{"line":44,"column":57}},"13":{"start":{"line":45,"column":4},"end":{"line":45,"column":88}},"14":{"start":{"line":47,"column":4},"end":{"line":47,"column":68}},"15":{"start":{"line":21,"column":0},"end":{"line":21,"column":13}}},"fnMap":{"0":{"name":"(anonymous_1)","decl":{"start":{"line":23,"column":2},"end":{"line":23,"column":6}},"loc":{"start":{"line":23,"column":11},"end":{"line":25,"column":3}}},"1":{"name":"(anonymous_2)","decl":{"start":{"line":27,"column":2},"end":{"line":27,"column":23}},"loc":{"start":{"line":27,"column":43},"end":{"line":29,"column":3}}},"2":{"name":"(anonymous_3)","decl":{"start":{"line":31,"column":9},"end":{"line":31,"column":15}},"loc":{"start":{"line":31,"column":52},"end":{"line":37,"column":3}}},"3":{"name":"(anonymous_4)","decl":{"start":{"line":39,"column":9},"end":{"line":39,"column":15}},"loc":{"start":{"line":39,"column":44},"end":{"line":48,"column":3}}}},"branchMap":{"0":{"loc":{"start":{"line":32,"column":4},"end":{"line":36,"column":null}},"type":"if","locations":[{"start":{"line":32,"column":4},"end":{"line":36,"column":null}},{"start":{"line":32,"column":4},"end":{"line":36,"column":null}}]}},"s":{"0":2,"1":2,"2":2,"3":2,"4":2,"5":2,"6":2,"7":5,"8":0,"9":0,"10":0,"11":5,"12":5,"13":5,"14":5,"15":2},"f":{"0":2,"1":5,"2":0,"3":5},"b":{"0":[0,0]}}
,"C:\\Users\\afons\\.jenkins\\workspace\\ddd-forum\\src\\modules\\forum\\domain\\postText.ts": {"path":"C:\\Users\\afons\\.jenkins\\workspace\\ddd-forum\\src\\modules\\forum\\domain\\postText.ts","statementMap":{"0":{"start":{"line":2,"column":0},"end":{"line":2,"column":65}},"1":{"start":{"line":3,"column":0},"end":{"line":3,"column":53}},"2":{"start":{"line":4,"column":0},"end":{"line":4,"column":51}},"3":{"start":{"line":19,"column":4},"end":{"line":19,"column":17}},"4":{"start":{"line":15,"column":4},"end":{"line":15,"column":28}},"5":{"start":{"line":23,"column":28},"end":{"line":23,"column":81}},"6":{"start":{"line":25,"column":4},"end":{"line":27,"column":null}},"7":{"start":{"line":26,"column":6},"end":{"line":26,"column":68}},"8":{"start":{"line":29,"column":27},"end":{"line":29,"column":76}},"9":{"start":{"line":30,"column":27},"end":{"line":30,"column":75}},"10":{"start":{"line":32,"column":4},"end":{"line":34,"column":null}},"11":{"start":{"line":33,"column":6},"end":{"line":33,"column":67}},"12":{"start":{"line":36,"column":4},"end":{"line":38,"column":null}},"13":{"start":{"line":37,"column":6},"end":{"line":37,"column":67}},"14":{"start":{"line":40,"column":4},"end":{"line":40,"column":52}},"15":{"start":{"line":10,"column":0},"end":{"line":10,"column":13}},"16":{"start":{"line":11,"column":16},"end":{"line":11,"column":38}},"17":{"start":{"line":12,"column":16},"end":{"line":12,"column":42}}},"fnMap":{"0":{"name":"(anonymous_0)","decl":{"start":{"line":18,"column":2},"end":{"line":18,"column":23}},"loc":{"start":{"line":18,"column":43},"end":{"line":20,"column":3}}},"1":{"name":"(anonymous_1)","decl":{"start":{"line":14,"column":2},"end":{"line":14,"column":6}},"loc":{"start":{"line":14,"column":11},"end":{"line":16,"column":3}}},"2":{"name":"(anonymous_2)","decl":{"start":{"line":22,"column":9},"end":{"line":22,"column":15}},"loc":{"start":{"line":22,"column":44},"end":{"line":41,"column":3}}}},"branchMap":{"0":{"loc":{"start":{"line":25,"column":4},"end":{"line":27,"column":null}},"type":"if","locations":[{"start":{"line":25,"column":4},"end":{"line":27,"column":null}},{"start":{"line":25,"column":4},"end":{"line":27,"column":null}}]},"1":{"loc":{"start":{"line":32,"column":4},"end":{"line":34,"column":null}},"type":"if","locations":[{"start":{"line":32,"column":4},"end":{"line":34,"column":null}},{"start":{"line":32,"column":4},"end":{"line":34,"column":null}}]},"2":{"loc":{"start":{"line":36,"column":4},"end":{"line":38,"column":null}},"type":"if","locations":[{"start":{"line":36,"column":4},"end":{"line":38,"column":null}},{"start":{"line":36,"column":4},"end":{"line":38,"column":null}}]}},"s":{"0":1,"1":1,"2":1,"3":3,"4":0,"5":3,"6":3,"7":0,"8":3,"9":3,"10":3,"11":0,"12":3,"13":0,"14":3,"15":1,"16":1,"17":1},"f":{"0":3,"1":0,"2":3},"b":{"0":[0,3],"1":[0,3],"2":[0,3]}}
,"C:\\Users\\afons\\.jenkins\\workspace\\ddd-forum\\src\\modules\\forum\\domain\\postTitle.ts": {"path":"C:\\Users\\afons\\.jenkins\\workspace\\ddd-forum\\src\\modules\\forum\\domain\\postTitle.ts","statementMap":{"0":{"start":{"line":2,"column":0},"end":{"line":2,"column":65}},"1":{"start":{"line":3,"column":0},"end":{"line":3,"column":53}},"2":{"start":{"line":4,"column":0},"end":{"line":4,"column":51}},"3":{"start":{"line":19,"column":4},"end":{"line":19,"column":17}},"4":{"start":{"line":15,"column":4},"end":{"line":15,"column":28}},"5":{"start":{"line":24,"column":28},"end":{"line":24,"column":82}},"6":{"start":{"line":26,"column":4},"end":{"line":28,"column":null}},"7":{"start":{"line":27,"column":6},"end":{"line":27,"column":69}},"8":{"start":{"line":30,"column":27},"end":{"line":30,"column":76}},"9":{"start":{"line":31,"column":27},"end":{"line":31,"column":75}},"10":{"start":{"line":33,"column":4},"end":{"line":35,"column":null}},"11":{"start":{"line":34,"column":6},"end":{"line":34,"column":68}},"12":{"start":{"line":37,"column":4},"end":{"line":39,"column":null}},"13":{"start":{"line":38,"column":6},"end":{"line":38,"column":68}},"14":{"start":{"line":41,"column":4},"end":{"line":41,"column":54}},"15":{"start":{"line":10,"column":0},"end":{"line":10,"column":13}},"16":{"start":{"line":11,"column":16},"end":{"line":11,"column":38}},"17":{"start":{"line":12,"column":16},"end":{"line":12,"column":39}}},"fnMap":{"0":{"name":"(anonymous_0)","decl":{"start":{"line":18,"column":2},"end":{"line":18,"column":23}},"loc":{"start":{"line":18,"column":44},"end":{"line":20,"column":3}}},"1":{"name":"(anonymous_1)","decl":{"start":{"line":14,"column":2},"end":{"line":14,"column":6}},"loc":{"start":{"line":14,"column":11},"end":{"line":16,"column":3}}},"2":{"name":"(anonymous_2)","decl":{"start":{"line":22,"column":9},"end":{"line":22,"column":15}},"loc":{"start":{"line":22,"column":45},"end":{"line":42,"column":3}}}},"branchMap":{"0":{"loc":{"start":{"line":26,"column":4},"end":{"line":28,"column":null}},"type":"if","locations":[{"start":{"line":26,"column":4},"end":{"line":28,"column":null}},{"start":{"line":26,"column":4},"end":{"line":28,"column":null}}]},"1":{"loc":{"start":{"line":33,"column":4},"end":{"line":35,"column":null}},"type":"if","locations":[{"start":{"line":33,"column":4},"end":{"line":35,"column":null}},{"start":{"line":33,"column":4},"end":{"line":35,"column":null}}]},"2":{"loc":{"start":{"line":37,"column":4},"end":{"line":39,"column":null}},"type":"if","locations":[{"start":{"line":37,"column":4},"end":{"line":39,"column":null}},{"start":{"line":37,"column":4},"end":{"line":39,"column":null}}]}},"s":{"0":2,"1":2,"2":2,"3":5,"4":10,"5":5,"6":5,"7":0,"8":5,"9":5,"10":5,"11":0,"12":5,"13":0,"14":5,"15":2,"16":2,"17":2},"f":{"0":5,"1":10,"2":5},"b":{"0":[0,5],"1":[0,5],"2":[0,5]}}
,"C:\\Users\\afons\\.jenkins\\workspace\\ddd-forum\\src\\modules\\forum\\domain\\postVote.ts": {"path":"C:\\Users\\afons\\.jenkins\\workspace\\ddd-forum\\src\\modules\\forum\\domain\\postVote.ts","statementMap":{"0":{"start":{"line":2,"column":0},"end":{"line":2,"column":55}},"1":{"start":{"line":4,"column":0},"end":{"line":4,"column":53}},"2":{"start":{"line":7,"column":0},"end":{"line":7,"column":51}},"3":{"start":{"line":19,"column":4},"end":{"line":19,"column":20}},"4":{"start":{"line":23,"column":4},"end":{"line":23,"column":29}},"5":{"start":{"line":27,"column":4},"end":{"line":27,"column":31}},"6":{"start":{"line":31,"column":4},"end":{"line":31,"column":27}},"7":{"start":{"line":35,"column":4},"end":{"line":35,"column":40}},"8":{"start":{"line":39,"column":4},"end":{"line":39,"column":42}},"9":{"start":{"line":43,"column":4},"end":{"line":43,"column":21}},"10":{"start":{"line":47,"column":24},"end":{"line":51,"column":6}},"11":{"start":{"line":53,"column":4},"end":{"line":57,"column":null}},"12":{"start":{"line":54,"column":6},"end":{"line":54,"column":64}},"13":{"start":{"line":56,"column":6},"end":{"line":56,"column":58}},"14":{"start":{"line":61,"column":24},"end":{"line":61,"column":74}},"15":{"start":{"line":62,"column":22},"end":{"line":62,"column":68}},"16":{"start":{"line":64,"column":4},"end":{"line":66,"column":null}},"17":{"start":{"line":65,"column":6},"end":{"line":65,"column":64}},"18":{"start":{"line":68,"column":4},"end":{"line":70,"column":null}},"19":{"start":{"line":69,"column":6},"end":{"line":69,"column":62}},"20":{"start":{"line":72,"column":4},"end":{"line":76,"column":8}},"21":{"start":{"line":80,"column":24},"end":{"line":80,"column":74}},"22":{"start":{"line":81,"column":22},"end":{"line":81,"column":68}},"23":{"start":{"line":83,"column":4},"end":{"line":85,"column":null}},"24":{"start":{"line":84,"column":6},"end":{"line":84,"column":64}},"25":{"start":{"line":87,"column":4},"end":{"line":89,"column":null}},"26":{"start":{"line":88,"column":6},"end":{"line":88,"column":62}},"27":{"start":{"line":91,"column":4},"end":{"line":95,"column":8}},"28":{"start":{"line":16,"column":0},"end":{"line":16,"column":13}}},"fnMap":{"0":{"name":"(anonymous_0)","decl":{"start":{"line":18,"column":2},"end":{"line":18,"column":6}},"loc":{"start":{"line":18,"column":8},"end":{"line":20,"column":3}}},"1":{"name":"(anonymous_1)","decl":{"start":{"line":22,"column":2},"end":{"line":22,"column":6}},"loc":{"start":{"line":22,"column":12},"end":{"line":24,"column":3}}},"2":{"name":"(anonymous_2)","decl":{"start":{"line":26,"column":2},"end":{"line":26,"column":6}},"loc":{"start":{"line":26,"column":14},"end":{"line":28,"column":3}}},"3":{"name":"(anonymous_3)","decl":{"start":{"line":30,"column":2},"end":{"line":30,"column":6}},"loc":{"start":{"line":30,"column":10},"end":{"line":32,"column":3}}},"4":{"name":"(anonymous_4)","decl":{"start":{"line":34,"column":9},"end":{"line":34,"column":17}},"loc":{"start":{"line":34,"column":17},"end":{"line":36,"column":3}}},"5":{"name":"(anonymous_5)","decl":{"start":{"line":38,"column":9},"end":{"line":38,"column":19}},"loc":{"start":{"line":38,"column":19},"end":{"line":40,"column":3}}},"6":{"name":"(anonymous_6)","decl":{"start":{"line":42,"column":2},"end":{"line":42,"column":23}},"loc":{"start":{"line":42,"column":64},"end":{"line":44,"column":3}}},"7":{"name":"(anonymous_7)","decl":{"start":{"line":46,"column":9},"end":{"line":46,"column":15}},"loc":{"start":{"line":46,"column":65},"end":{"line":58,"column":3}}},"8":{"name":"(anonymous_8)","decl":{"start":{"line":60,"column":9},"end":{"line":60,"column":15}},"loc":{"start":{"line":60,"column":64},"end":{"line":77,"column":3}}},"9":{"name":"(anonymous_9)","decl":{"start":{"line":79,"column":9},"end":{"line":79,"column":15}},"loc":{"start":{"line":79,"column":66},"end":{"line":96,"column":3}}}},"branchMap":{"0":{"loc":{"start":{"line":53,"column":4},"end":{"line":57,"column":null}},"type":"if","locations":[{"start":{"line":53,"column":4},"end":{"line":57,"column":null}},{"start":{"line":53,"column":4},"end":{"line":57,"column":null}}]},"1":{"loc":{"start":{"line":64,"column":4},"end":{"line":66,"column":null}},"type":"if","locations":[{"start":{"line":64,"column":4},"end":{"line":66,"column":null}},{"start":{"line":64,"column":4},"end":{"line":66,"column":null}}]},"2":{"loc":{"start":{"line":68,"column":4},"end":{"line":70,"column":null}},"type":"if","locations":[{"start":{"line":68,"column":4},"end":{"line":70,"column":null}},{"start":{"line":68,"column":4},"end":{"line":70,"column":null}}]},"3":{"loc":{"start":{"line":83,"column":4},"end":{"line":85,"column":null}},"type":"if","locations":[{"start":{"line":83,"column":4},"end":{"line":85,"column":null}},{"start":{"line":83,"column":4},"end":{"line":85,"column":null}}]},"4":{"loc":{"start":{"line":87,"column":4},"end":{"line":89,"column":null}},"type":"if","locations":[{"start":{"line":87,"column":4},"end":{"line":89,"column":null}},{"start":{"line":87,"column":4},"end":{"line":89,"column":null}}]}},"s":{"0":1,"1":1,"2":1,"3":0,"4":0,"5":0,"6":0,"7":0,"8":0,"9":3,"10":0,"11":0,"12":0,"13":0,"14":3,"15":3,"16":3,"17":0,"18":3,"19":0,"20":3,"21":0,"22":0,"23":0,"24":0,"25":0,"26":0,"27":0,"28":1},"f":{"0":0,"1":0,"2":0,"3":0,"4":0,"5":0,"6":3,"7":0,"8":3,"9":0},"b":{"0":[0,0],"1":[0,3],"2":[0,3],"3":[0,0],"4":[0,0]}}
,"C:\\Users\\afons\\.jenkins\\workspace\\ddd-forum\\src\\modules\\forum\\domain\\postVotes.ts": {"path":"C:\\Users\\afons\\.jenkins\\workspace\\ddd-forum\\src\\modules\\forum\\domain\\postVotes.ts","statementMap":{"0":{"start":{"line":3,"column":0},"end":{"line":3,"column":65}},"1":{"start":{"line":7,"column":4},"end":{"line":7,"column":null}},"2":{"start":{"line":11,"column":4},"end":{"line":11,"column":null}},"3":{"start":{"line":15,"column":4},"end":{"line":15,"column":59}},"4":{"start":{"line":5,"column":0},"end":{"line":5,"column":13}}},"fnMap":{"0":{"name":"(anonymous_0)","decl":{"start":{"line":6,"column":2},"end":{"line":6,"column":23}},"loc":{"start":{"line":6,"column":47},"end":{"line":8,"column":3}}},"1":{"name":"(anonymous_1)","decl":{"start":{"line":10,"column":9},"end":{"line":10,"column":21}},"loc":{"start":{"line":10,"column":47},"end":{"line":12,"column":3}}},"2":{"name":"(anonymous_2)","decl":{"start":{"line":14,"column":9},"end":{"line":14,"column":15}},"loc":{"start":{"line":14,"column":49},"end":{"line":16,"column":3}}}},"branchMap":{"0":{"loc":{"start":{"line":15,"column":40},"end":{"line":15,"column":52}},"type":"cond-expr","locations":[{"start":{"line":15,"column":40},"end":{"line":15,"column":52}},{"start":{"line":15,"column":55},"end":{"line":15,"column":57}}]}},"s":{"0":1,"1":3,"2":0,"3":3,"4":1},"f":{"0":3,"1":0,"2":3},"b":{"0":[3,0]}}
,"C:\\Users\\afons\\.jenkins\\workspace\\ddd-forum\\src\\modules\\forum\\domain\\events\\commentPosted.ts": {"path":"C:\\Users\\afons\\.jenkins\\workspace\\ddd-forum\\src\\modules\\forum\\domain\\events\\commentPosted.ts","statementMap":{"0":{"start":{"line":13,"column":4},"end":{"line":13,"column":39}},"1":{"start":{"line":14,"column":4},"end":{"line":14,"column":21}},"2":{"start":{"line":15,"column":4},"end":{"line":15,"column":27}},"3":{"start":{"line":19,"column":4},"end":{"line":19,"column":24}},"4":{"start":{"line":7,"column":0},"end":{"line":7,"column":13}}},"fnMap":{"0":{"name":"(anonymous_0)","decl":{"start":{"line":12,"column":2},"end":{"line":12,"column":15}},"loc":{"start":{"line":12,"column":43},"end":{"line":16,"column":3}}},"1":{"name":"(anonymous_1)","decl":{"start":{"line":18,"column":2},"end":{"line":18,"column":16}},"loc":{"start":{"line":18,"column":16},"end":{"line":20,"column":3}}}},"branchMap":{},"s":{"0":3,"1":3,"2":3,"3":0,"4":1},"f":{"0":3,"1":0},"b":{}}
,"C:\\Users\\afons\\.jenkins\\workspace\\ddd-forum\\src\\modules\\forum\\domain\\events\\commentVotesChanged.ts": {"path":"C:\\Users\\afons\\.jenkins\\workspace\\ddd-forum\\src\\modules\\forum\\domain\\events\\commentVotesChanged.ts","statementMap":{"0":{"start":{"line":14,"column":4},"end":{"line":14,"column":39}},"1":{"start":{"line":15,"column":4},"end":{"line":15,"column":21}},"2":{"start":{"line":16,"column":4},"end":{"line":16,"column":null}},"3":{"start":{"line":20,"column":4},"end":{"line":20,"column":24}},"4":{"start":{"line":8,"column":0},"end":{"line":8,"column":13}}},"fnMap":{"0":{"name":"(anonymous_0)","decl":{"start":{"line":13,"column":2},"end":{"line":13,"column":15}},"loc":{"start":{"line":13,"column":43},"end":{"line":17,"column":3}}},"1":{"name":"(anonymous_1)","decl":{"start":{"line":19,"column":2},"end":{"line":19,"column":16}},"loc":{"start":{"line":19,"column":16},"end":{"line":21,"column":3}}}},"branchMap":{},"s":{"0":3,"1":3,"2":3,"3":0,"4":1},"f":{"0":3,"1":0},"b":{}}
,"C:\\Users\\afons\\.jenkins\\workspace\\ddd-forum\\src\\modules\\forum\\domain\\events\\memberCreated.ts": {"path":"C:\\Users\\afons\\.jenkins\\workspace\\ddd-forum\\src\\modules\\forum\\domain\\events\\memberCreated.ts","statementMap":{"0":{"start":{"line":12,"column":4},"end":{"line":12,"column":39}},"1":{"start":{"line":13,"column":4},"end":{"line":13,"column":25}},"2":{"start":{"line":17,"column":4},"end":{"line":17,"column":26}},"3":{"start":{"line":7,"column":0},"end":{"line":7,"column":13}}},"fnMap":{"0":{"name":"(anonymous_0)","decl":{"start":{"line":11,"column":2},"end":{"line":11,"column":15}},"loc":{"start":{"line":11,"column":29},"end":{"line":14,"column":3}}},"1":{"name":"(anonymous_1)","decl":{"start":{"line":16,"column":2},"end":{"line":16,"column":16}},"loc":{"start":{"line":16,"column":16},"end":{"line":18,"column":3}}}},"branchMap":{},"s":{"0":0,"1":0,"2":0,"3":1},"f":{"0":0,"1":0},"b":{}}
,"C:\\Users\\afons\\.jenkins\\workspace\\ddd-forum\\src\\modules\\forum\\domain\\events\\postCreated.ts": {"path":"C:\\Users\\afons\\.jenkins\\workspace\\ddd-forum\\src\\modules\\forum\\domain\\events\\postCreated.ts","statementMap":{"0":{"start":{"line":11,"column":4},"end":{"line":11,"column":39}},"1":{"start":{"line":12,"column":4},"end":{"line":12,"column":21}},"2":{"start":{"line":16,"column":4},"end":{"line":16,"column":24}},"3":{"start":{"line":6,"column":0},"end":{"line":6,"column":13}}},"fnMap":{"0":{"name":"(anonymous_0)","decl":{"start":{"line":10,"column":2},"end":{"line":10,"column":15}},"loc":{"start":{"line":10,"column":25},"end":{"line":13,"column":3}}},"1":{"name":"(anonymous_1)","decl":{"start":{"line":15,"column":2},"end":{"line":15,"column":16}},"loc":{"start":{"line":15,"column":16},"end":{"line":17,"column":3}}}},"branchMap":{},"s":{"0":3,"1":3,"2":0,"3":1},"f":{"0":3,"1":0},"b":{}}
,"C:\\Users\\afons\\.jenkins\\workspace\\ddd-forum\\src\\modules\\forum\\domain\\events\\postVotesChanged.ts": {"path":"C:\\Users\\afons\\.jenkins\\workspace\\ddd-forum\\src\\modules\\forum\\domain\\events\\postVotesChanged.ts","statementMap":{"0":{"start":{"line":14,"column":4},"end":{"line":14,"column":39}},"1":{"start":{"line":15,"column":4},"end":{"line":15,"column":21}},"2":{"start":{"line":16,"column":4},"end":{"line":16,"column":null}},"3":{"start":{"line":20,"column":4},"end":{"line":20,"column":24}},"4":{"start":{"line":8,"column":0},"end":{"line":8,"column":13}}},"fnMap":{"0":{"name":"(anonymous_0)","decl":{"start":{"line":13,"column":2},"end":{"line":13,"column":15}},"loc":{"start":{"line":13,"column":41},"end":{"line":17,"column":3}}},"1":{"name":"(anonymous_1)","decl":{"start":{"line":19,"column":2},"end":{"line":19,"column":16}},"loc":{"start":{"line":19,"column":16},"end":{"line":21,"column":3}}}},"branchMap":{},"s":{"0":3,"1":3,"2":3,"3":0,"4":1},"f":{"0":3,"1":0},"b":{}}
,"C:\\Users\\afons\\.jenkins\\workspace\\ddd-forum\\src\\modules\\forum\\domain\\services\\postService.ts": {"path":"C:\\Users\\afons\\.jenkins\\workspace\\ddd-forum\\src\\modules\\forum\\domain\\services\\postService.ts","statementMap":{"0":{"start":{"line":4,"column":0},"end":{"line":4,"column":37}},"1":{"start":{"line":6,"column":0},"end":{"line":6,"column":77}},"2":{"start":{"line":7,"column":0},"end":{"line":7,"column":39}},"3":{"start":{"line":10,"column":0},"end":{"line":10,"column":45}},"4":{"start":{"line":25,"column":42},"end":{"line":26,"column":34}},"5":{"start":{"line":26,"column":19},"end":{"line":26,"column":33}},"6":{"start":{"line":28,"column":34},"end":{"line":28,"column":52}},"7":{"start":{"line":30,"column":4},"end":{"line":33,"column":null}},"8":{"start":{"line":32,"column":6},"end":{"line":32,"column":null}},"9":{"start":{"line":36,"column":40},"end":{"line":37,"column":32}},"10":{"start":{"line":37,"column":19},"end":{"line":37,"column":31}},"11":{"start":{"line":39,"column":32},"end":{"line":39,"column":48}},"12":{"start":{"line":41,"column":4},"end":{"line":48,"column":null}},"13":{"start":{"line":43,"column":6},"end":{"line":43,"column":41}},"14":{"start":{"line":45,"column":6},"end":{"line":45,"column":34}},"15":{"start":{"line":47,"column":6},"end":{"line":47,"column":38}},"16":{"start":{"line":51,"column":28},"end":{"line":52,"column":57}},"17":{"start":{"line":54,"column":4},"end":{"line":56,"column":null}},"18":{"start":{"line":55,"column":6},"end":{"line":55,"column":35}},"19":{"start":{"line":58,"column":34},"end":{"line":58,"column":60}},"20":{"start":{"line":59,"column":4},"end":{"line":59,"column":30}},"21":{"start":{"line":60,"column":4},"end":{"line":60,"column":32}},"22":{"start":{"line":62,"column":4},"end":{"line":62,"column":36}},"23":{"start":{"line":73,"column":40},"end":{"line":74,"column":32}},"24":{"start":{"line":74,"column":19},"end":{"line":74,"column":31}},"25":{"start":{"line":76,"column":32},"end":{"line":76,"column":48}},"26":{"start":{"line":77,"column":4},"end":{"line":80,"column":null}},"27":{"start":{"line":79,"column":6},"end":{"line":79,"column":38}},"28":{"start":{"line":83,"column":42},"end":{"line":84,"column":34}},"29":{"start":{"line":84,"column":19},"end":{"line":84,"column":33}},"30":{"start":{"line":86,"column":34},"end":{"line":86,"column":52}},"31":{"start":{"line":87,"column":4},"end":{"line":93,"column":null}},"32":{"start":{"line":88,"column":6},"end":{"line":88,"column":43}},"33":{"start":{"line":90,"column":6},"end":{"line":90,"column":34}},"34":{"start":{"line":92,"column":6},"end":{"line":92,"column":38}},"35":{"start":{"line":96,"column":26},"end":{"line":97,"column":55}},"36":{"start":{"line":99,"column":4},"end":{"line":101,"column":null}},"37":{"start":{"line":100,"column":6},"end":{"line":100,"column":33}},"38":{"start":{"line":103,"column":32},"end":{"line":103,"column":56}},"39":{"start":{"line":104,"column":4},"end":{"line":104,"column":28}},"40":{"start":{"line":106,"column":4},"end":{"line":106,"column":32}},"41":{"start":{"line":108,"column":4},"end":{"line":108,"column":36}},"42":{"start":{"line":118,"column":39},"end":{"line":119,"column":34}},"43":{"start":{"line":119,"column":19},"end":{"line":119,"column":33}},"44":{"start":{"line":121,"column":34},"end":{"line":121,"column":52}},"45":{"start":{"line":123,"column":4},"end":{"line":125,"column":null}},"46":{"start":{"line":124,"column":6},"end":{"line":124,"column":38}},"47":{"start":{"line":128,"column":37},"end":{"line":129,"column":32}},"48":{"start":{"line":129,"column":19},"end":{"line":129,"column":31}},"49":{"start":{"line":131,"column":32},"end":{"line":131,"column":48}},"50":{"start":{"line":133,"column":4},"end":{"line":138,"column":null}},"51":{"start":{"line":135,"column":6},"end":{"line":135,"column":38}},"52":{"start":{"line":137,"column":6},"end":{"line":137,"column":38}},"53":{"start":{"line":142,"column":28},"end":{"line":143,"column":51}},"54":{"start":{"line":145,"column":4},"end":{"line":147,"column":null}},"55":{"start":{"line":146,"column":6},"end":{"line":146,"column":35}},"56":{"start":{"line":149,"column":31},"end":{"line":149,"column":57}},"57":{"start":{"line":150,"column":4},"end":{"line":150,"column":27}},"58":{"start":{"line":152,"column":4},"end":{"line":152,"column":36}},"59":{"start":{"line":162,"column":37},"end":{"line":163,"column":32}},"60":{"start":{"line":163,"column":19},"end":{"line":163,"column":31}},"61":{"start":{"line":166,"column":32},"end":{"line":166,"column":48}},"62":{"start":{"line":168,"column":4},"end":{"line":170,"column":null}},"63":{"start":{"line":169,"column":6},"end":{"line":169,"column":38}},"64":{"start":{"line":173,"column":39},"end":{"line":174,"column":32}},"65":{"start":{"line":174,"column":17},"end":{"line":174,"column":31}},"66":{"start":{"line":176,"column":34},"end":{"line":176,"column":52}},"67":{"start":{"line":178,"column":4},"end":{"line":181,"column":null}},"68":{"start":{"line":179,"column":6},"end":{"line":179,"column":40}},"69":{"start":{"line":180,"column":6},"end":{"line":180,"column":38}},"70":{"start":{"line":184,"column":26},"end":{"line":185,"column":49}},"71":{"start":{"line":187,"column":4},"end":{"line":189,"column":null}},"72":{"start":{"line":188,"column":6},"end":{"line":188,"column":33}},"73":{"start":{"line":191,"column":29},"end":{"line":191,"column":53}},"74":{"start":{"line":192,"column":4},"end":{"line":192,"column":25}},"75":{"start":{"line":194,"column":4},"end":{"line":194,"column":36}},"76":{"start":{"line":204,"column":27},"end":{"line":209,"column":6}},"77":{"start":{"line":211,"column":4},"end":{"line":213,"column":null}},"78":{"start":{"line":212,"column":6},"end":{"line":212,"column":34}},"79":{"start":{"line":215,"column":29},"end":{"line":215,"column":54}},"80":{"start":{"line":217,"column":4},"end":{"line":217,"column":29}},"81":{"start":{"line":219,"column":4},"end":{"line":219,"column":36}},"82":{"start":{"line":14,"column":0},"end":{"line":14,"column":13}}},"fnMap":{"0":{"name":"(anonymous_0)","decl":{"start":{"line":16,"column":9},"end":{"line":16,"column":24}},"loc":{"start":{"line":20,"column":49},"end":{"line":63,"column":3}}},"1":{"name":"(anonymous_1)","decl":{"start":{"line":26,"column":12},"end":{"line":26,"column":13}},"loc":{"start":{"line":26,"column":19},"end":{"line":26,"column":33}}},"2":{"name":"(anonymous_2)","decl":{"start":{"line":37,"column":12},"end":{"line":37,"column":13}},"loc":{"start":{"line":37,"column":19},"end":{"line":37,"column":31}}},"3":{"name":"(anonymous_3)","decl":{"start":{"line":65,"column":9},"end":{"line":65,"column":22}},"loc":{"start":{"line":69,"column":49},"end":{"line":109,"column":3}}},"4":{"name":"(anonymous_4)","decl":{"start":{"line":74,"column":12},"end":{"line":74,"column":13}},"loc":{"start":{"line":74,"column":19},"end":{"line":74,"column":31}}},"5":{"name":"(anonymous_5)","decl":{"start":{"line":84,"column":12},"end":{"line":84,"column":13}},"loc":{"start":{"line":84,"column":19},"end":{"line":84,"column":33}}},"6":{"name":"(anonymous_6)","decl":{"start":{"line":111,"column":9},"end":{"line":111,"column":21}},"loc":{"start":{"line":114,"column":43},"end":{"line":154,"column":3}}},"7":{"name":"(anonymous_7)","decl":{"start":{"line":119,"column":12},"end":{"line":119,"column":13}},"loc":{"start":{"line":119,"column":19},"end":{"line":119,"column":33}}},"8":{"name":"(anonymous_8)","decl":{"start":{"line":129,"column":12},"end":{"line":129,"column":13}},"loc":{"start":{"line":129,"column":19},"end":{"line":129,"column":31}}},"9":{"name":"(anonymous_9)","decl":{"start":{"line":156,"column":9},"end":{"line":156,"column":19}},"loc":{"start":{"line":159,"column":43},"end":{"line":195,"column":3}}},"10":{"name":"(anonymous_10)","decl":{"start":{"line":163,"column":12},"end":{"line":163,"column":13}},"loc":{"start":{"line":163,"column":19},"end":{"line":163,"column":31}}},"11":{"name":"(anonymous_11)","decl":{"start":{"line":174,"column":10},"end":{"line":174,"column":11}},"loc":{"start":{"line":174,"column":17},"end":{"line":174,"column":31}}},"12":{"name":"(anonymous_12)","decl":{"start":{"line":197,"column":9},"end":{"line":197,"column":23}},"loc":{"start":{"line":201,"column":31},"end":{"line":220,"column":3}}}},"branchMap":{"0":{"loc":{"start":{"line":30,"column":4},"end":{"line":33,"column":null}},"type":"if","locations":[{"start":{"line":30,"column":4},"end":{"line":33,"column":null}},{"start":{"line":30,"column":4},"end":{"line":33,"column":null}}]},"1":{"loc":{"start":{"line":41,"column":4},"end":{"line":48,"column":null}},"type":"if","locations":[{"start":{"line":41,"column":4},"end":{"line":48,"column":null}},{"start":{"line":41,"column":4},"end":{"line":48,"column":null}}]},"2":{"loc":{"start":{"line":54,"column":4},"end":{"line":56,"column":null}},"type":"if","locations":[{"start":{"line":54,"column":4},"end":{"line":56,"column":null}},{"start":{"line":54,"column":4},"end":{"line":56,"column":null}}]},"3":{"loc":{"start":{"line":77,"column":4},"end":{"line":80,"column":null}},"type":"if","locations":[{"start":{"line":77,"column":4},"end":{"line":80,"column":null}},{"start":{"line":77,"column":4},"end":{"line":80,"column":null}}]},"4":{"loc":{"start":{"line":87,"column":4},"end":{"line":93,"column":null}},"type":"if","locations":[{"start":{"line":87,"column":4},"end":{"line":93,"column":null}},{"start":{"line":87,"column":4},"end":{"line":93,"column":null}}]},"5":{"loc":{"start":{"line":99,"column":4},"end":{"line":101,"column":null}},"type":"if","locations":[{"start":{"line":99,"column":4},"end":{"line":101,"column":null}},{"start":{"line":99,"column":4},"end":{"line":101,"column":null}}]},"6":{"loc":{"start":{"line":123,"column":4},"end":{"line":125,"column":null}},"type":"if","locations":[{"start":{"line":123,"column":4},"end":{"line":125,"column":null}},{"start":{"line":123,"column":4},"end":{"line":125,"column":null}}]},"7":{"loc":{"start":{"line":133,"column":4},"end":{"line":138,"column":null}},"type":"if","locations":[{"start":{"line":133,"column":4},"end":{"line":138,"column":null}},{"start":{"line":133,"column":4},"end":{"line":138,"column":null}}]},"8":{"loc":{"start":{"line":145,"column":4},"end":{"line":147,"column":null}},"type":"if","locations":[{"start":{"line":145,"column":4},"end":{"line":147,"column":null}},{"start":{"line":145,"column":4},"end":{"line":147,"column":null}}]},"9":{"loc":{"start":{"line":168,"column":4},"end":{"line":170,"column":null}},"type":"if","locations":[{"start":{"line":168,"column":4},"end":{"line":170,"column":null}},{"start":{"line":168,"column":4},"end":{"line":170,"column":null}}]},"10":{"loc":{"start":{"line":178,"column":4},"end":{"line":181,"column":null}},"type":"if","locations":[{"start":{"line":178,"column":4},"end":{"line":181,"column":null}},{"start":{"line":178,"column":4},"end":{"line":181,"column":null}}]},"11":{"loc":{"start":{"line":187,"column":4},"end":{"line":189,"column":null}},"type":"if","locations":[{"start":{"line":187,"column":4},"end":{"line":189,"column":null}},{"start":{"line":187,"column":4},"end":{"line":189,"column":null}}]},"12":{"loc":{"start":{"line":211,"column":4},"end":{"line":213,"column":null}},"type":"if","locations":[{"start":{"line":211,"column":4},"end":{"line":213,"column":null}},{"start":{"line":211,"column":4},"end":{"line":213,"column":null}}]}},"s":{"0":1,"1":1,"2":1,"3":1,"4":5,"5":3,"6":5,"7":5,"8":2,"9":3,"10":1,"11":3,"12":3,"13":1,"14":1,"15":1,"16":2,"17":2,"18":0,"19":2,"20":2,"21":2,"22":2,"23":0,"24":0,"25":0,"26":0,"27":0,"28":0,"29":0,"30":0,"31":0,"32":0,"33":0,"34":0,"35":0,"36":0,"37":0,"38":0,"39":0,"40":0,"41":0,"42":0,"43":0,"44":0,"45":0,"46":0,"47":0,"48":0,"49":0,"50":0,"51":0,"52":0,"53":0,"54":0,"55":0,"56":0,"57":0,"58":0,"59":0,"60":0,"61":0,"62":0,"63":0,"64":0,"65":0,"66":0,"67":0,"68":0,"69":0,"70":0,"71":0,"72":0,"73":0,"74":0,"75":0,"76":0,"77":0,"78":0,"79":0,"80":0,"81":0,"82":1},"f":{"0":5,"1":3,"2":1,"3":0,"4":0,"5":0,"6":0,"7":0,"8":0,"9":0,"10":0,"11":0,"12":0},"b":{"0":[2,3],"1":[1,2],"2":[0,2],"3":[0,0],"4":[0,0],"5":[0,0],"6":[0,0],"7":[0,0],"8":[0,0],"9":[0,0],"10":[0,0],"11":[0,0],"12":[0,0]}}
,"C:\\Users\\afons\\.jenkins\\workspace\\ddd-forum\\src\\modules\\forum\\useCases\\post\\editPost\\EditPostErrors.ts": {"path":"C:\\Users\\afons\\.jenkins\\workspace\\ddd-forum\\src\\modules\\forum\\useCases\\post\\editPost\\EditPostErrors.ts","statementMap":{"0":{"start":{"line":1,"column":0},"end":{"line":1,"column":58}},"1":{"start":{"line":5,"column":0},"end":{"line":5,"column":null}},"2":{"start":{"line":9,"column":6},"end":{"line":11,"column":null}},"3":{"start":{"line":7,"column":15},"end":{"line":13,"column":null}},"4":{"start":{"line":17,"column":6},"end":{"line":19,"column":null}},"5":{"start":{"line":15,"column":15},"end":{"line":21,"column":null}},"6":{"start":{"line":25,"column":6},"end":{"line":27,"column":null}},"7":{"start":{"line":23,"column":15},"end":{"line":29,"column":null}}},"fnMap":{"0":{"name":"(anonymous_0)","decl":{"start":{"line":5,"column":0},"end":{"line":5,"column":17}},"loc":{"start":{"line":5,"column":31},"end":{"line":31,"column":1}}},"1":{"name":"(anonymous_1)","decl":{"start":{"line":8,"column":4},"end":{"line":8,"column":17}},"loc":{"start":{"line":8,"column":27},"end":{"line":12,"column":5}}},"2":{"name":"(anonymous_2)","decl":{"start":{"line":16,"column":4},"end":{"line":16,"column":null}},"loc":{"start":{"line":16,"column":4},"end":{"line":20,"column":5}}},"3":{"name":"(anonymous_3)","decl":{"start":{"line":24,"column":4},"end":{"line":24,"column":null}},"loc":{"start":{"line":24,"column":4},"end":{"line":28,"column":5}}}},"branchMap":{"0":{"loc":{"start":{"line":5,"column":17},"end":{"line":5,"column":31}},"type":"binary-expr","locations":[{"start":{"line":5,"column":17},"end":{"line":5,"column":31}},{"start":{"line":5,"column":17},"end":{"line":5,"column":null}}]}},"s":{"0":1,"1":1,"2":0,"3":1,"4":0,"5":1,"6":0,"7":1},"f":{"0":1,"1":0,"2":0,"3":0},"b":{"0":[1,1]}}
,"C:\\Users\\afons\\.jenkins\\workspace\\ddd-forum\\src\\modules\\users\\domain\\userId.ts": {"path":"C:\\Users\\afons\\.jenkins\\workspace\\ddd-forum\\src\\modules\\users\\domain\\userId.ts","statementMap":{"0":{"start":{"line":3,"column":0},"end":{"line":3,"column":53}},"1":{"start":{"line":4,"column":0},"end":{"line":4,"column":55}},"2":{"start":{"line":10,"column":4},"end":{"line":10,"column":20}},"3":{"start":{"line":14,"column":4},"end":{"line":14,"column":null}},"4":{"start":{"line":18,"column":4},"end":{"line":18,"column":45}},"5":{"start":{"line":7,"column":0},"end":{"line":7,"column":13}}},"fnMap":{"0":{"name":"(anonymous_0)","decl":{"start":{"line":9,"column":2},"end":{"line":9,"column":6}},"loc":{"start":{"line":9,"column":8},"end":{"line":11,"column":3}}},"1":{"name":"(anonymous_1)","decl":{"start":{"line":13,"column":2},"end":{"line":13,"column":23}},"loc":{"start":{"line":13,"column":42},"end":{"line":15,"column":3}}},"2":{"name":"(anonymous_2)","decl":{"start":{"line":17,"column":9},"end":{"line":17,"column":15}},"loc":{"start":{"line":17,"column":43},"end":{"line":19,"column":3}}}},"branchMap":{},"s":{"0":1,"1":1,"2":0,"3":2,"4":2,"5":1},"f":{"0":0,"1":2,"2":2},"b":{}}
,"C:\\Users\\afons\\.jenkins\\workspace\\ddd-forum\\src\\modules\\users\\domain\\userName.ts": {"path":"C:\\Users\\afons\\.jenkins\\workspace\\ddd-forum\\src\\modules\\users\\domain\\userName.ts","statementMap":{"0":{"start":{"line":2,"column":0},"end":{"line":2,"column":53}},"1":{"start":{"line":3,"column":0},"end":{"line":3,"column":65}},"2":{"start":{"line":4,"column":0},"end":{"line":4,"column":51}},"3":{"start":{"line":19,"column":4},"end":{"line":19,"column":17}},"4":{"start":{"line":15,"column":4},"end":{"line":15,"column":27}},"5":{"start":{"line":23,"column":27},"end":{"line":23,"column":79}},"6":{"start":{"line":24,"column":4},"end":{"line":26,"column":null}},"7":{"start":{"line":25,"column":6},"end":{"line":25,"column":null}},"8":{"start":{"line":28,"column":28},"end":{"line":28,"column":76}},"9":{"start":{"line":29,"column":4},"end":{"line":31,"column":null}},"10":{"start":{"line":30,"column":6},"end":{"line":30,"column":null}},"11":{"start":{"line":33,"column":28},"end":{"line":33,"column":75}},"12":{"start":{"line":34,"column":4},"end":{"line":36,"column":null}},"13":{"start":{"line":35,"column":6},"end":{"line":35,"column":null}},"14":{"start":{"line":38,"column":4},"end":{"line":38,"column":52}},"15":{"start":{"line":10,"column":0},"end":{"line":10,"column":13}},"16":{"start":{"line":11,"column":16},"end":{"line":11,"column":39}},"17":{"start":{"line":12,"column":16},"end":{"line":12,"column":38}}},"fnMap":{"0":{"name":"(anonymous_0)","decl":{"start":{"line":18,"column":2},"end":{"line":18,"column":23}},"loc":{"start":{"line":18,"column":43},"end":{"line":20,"column":3}}},"1":{"name":"(anonymous_1)","decl":{"start":{"line":14,"column":2},"end":{"line":14,"column":6}},"loc":{"start":{"line":14,"column":11},"end":{"line":16,"column":3}}},"2":{"name":"(anonymous_2)","decl":{"start":{"line":22,"column":9},"end":{"line":22,"column":15}},"loc":{"start":{"line":22,"column":44},"end":{"line":39,"column":3}}}},"branchMap":{"0":{"loc":{"start":{"line":24,"column":4},"end":{"line":26,"column":null}},"type":"if","locations":[{"start":{"line":24,"column":4},"end":{"line":26,"column":null}},{"start":{"line":24,"column":4},"end":{"line":26,"column":null}}]},"1":{"loc":{"start":{"line":29,"column":4},"end":{"line":31,"column":null}},"type":"if","locations":[{"start":{"line":29,"column":4},"end":{"line":31,"column":null}},{"start":{"line":29,"column":4},"end":{"line":31,"column":null}}]},"2":{"loc":{"start":{"line":34,"column":4},"end":{"line":36,"column":null}},"type":"if","locations":[{"start":{"line":34,"column":4},"end":{"line":36,"column":null}},{"start":{"line":34,"column":4},"end":{"line":36,"column":null}}]}},"s":{"0":1,"1":1,"2":1,"3":2,"4":0,"5":2,"6":2,"7":0,"8":2,"9":2,"10":0,"11":2,"12":2,"13":0,"14":2,"15":1,"16":1,"17":1},"f":{"0":2,"1":0,"2":2},"b":{"0":[0,2],"1":[0,2],"2":[0,2]}}
[...]
,"C:\\Users\\afons\\.jenkins\\workspace\\ddd-forum\\src\\shared\\domain\\UniqueEntityID.ts": {"path":"C:\\Users\\afons\\.jenkins\\workspace\\ddd-forum\\src\\shared\\domain\\UniqueEntityID.ts","statementMap":{"0":{"start":{"line":2,"column":0},"end":{"line":2,"column":27}},"1":{"start":{"line":3,"column":0},"end":{"line":3,"column":41}},"2":{"start":{"line":7,"column":4},"end":{"line":7,"column":null}},"3":{"start":{"line":5,"column":0},"end":{"line":5,"column":13}}},"fnMap":{"0":{"name":"(anonymous_1)","decl":{"start":{"line":6,"column":2},"end":{"line":6,"column":15}},"loc":{"start":{"line":6,"column":35},"end":{"line":8,"column":3}}}},"branchMap":{"0":{"loc":{"start":{"line":7,"column":15},"end":{"line":7,"column":17}},"type":"cond-expr","locations":[{"start":{"line":7,"column":15},"end":{"line":7,"column":17}},{"start":{"line":7,"column":20},"end":{"line":7,"column":26}}]}},"s":{"0":1,"1":1,"2":16,"3":1},"f":{"0":16},"b":{"0":[4,12]}}
,"C:\\Users\\afons\\.jenkins\\workspace\\ddd-forum\\src\\shared\\domain\\ValueObject.ts": {"path":"C:\\Users\\afons\\.jenkins\\workspace\\ddd-forum\\src\\shared\\domain\\ValueObject.ts","statementMap":{"0":{"start":{"line":15,"column":17},"end":{"line":16,"column":null}},"1":{"start":{"line":19,"column":4},"end":{"line":19,"column":27}},"2":{"start":{"line":23,"column":4},"end":{"line":25,"column":null}},"3":{"start":{"line":24,"column":6},"end":{"line":24,"column":19}},"4":{"start":{"line":26,"column":4},"end":{"line":28,"column":null}},"5":{"start":{"line":27,"column":6},"end":{"line":27,"column":19}},"6":{"start":{"line":29,"column":4},"end":{"line":29,"column":67}},"7":{"start":{"line":11,"column":0},"end":{"line":11,"column":22}}},"fnMap":{"0":{"name":"(anonymous_0)","decl":{"start":{"line":14,"column":2},"end":{"line":14,"column":15}},"loc":{"start":{"line":14,"column":23},"end":{"line":20,"column":3}}},"1":{"name":"(anonymous_1)","decl":{"start":{"line":22,"column":9},"end":{"line":22,"column":15}},"loc":{"start":{"line":22,"column":36},"end":{"line":30,"column":3}}}},"branchMap":{"0":{"loc":{"start":{"line":23,"column":4},"end":{"line":25,"column":null}},"type":"if","locations":[{"start":{"line":23,"column":4},"end":{"line":25,"column":null}},{"start":{"line":23,"column":4},"end":{"line":25,"column":null}}]},"1":{"loc":{"start":{"line":23,"column":8},"end":{"line":23,"column":19}},"type":"binary-expr","locations":[{"start":{"line":23,"column":8},"end":{"line":23,"column":19}},{"start":{"line":23,"column":23},"end":{"line":23,"column":39}}]},"2":{"loc":{"start":{"line":26,"column":4},"end":{"line":28,"column":null}},"type":"if","locations":[{"start":{"line":26,"column":4},"end":{"line":28,"column":null}},{"start":{"line":26,"column":4},"end":{"line":28,"column":null}}]}},"s":{"0":18,"1":18,"2":0,"3":0,"4":0,"5":0,"6":0,"7":2},"f":{"0":18,"1":0},"b":{"0":[0,0],"1":[0,0],"2":[0,0]}}
,"C:\\Users\\afons\\.jenkins\\workspace\\ddd-forum\\src\\shared\\domain\\WatchedList.ts": {"path":"C:\\Users\\afons\\.jenkins\\workspace\\ddd-forum\\src\\shared\\domain\\WatchedList.ts","statementMap":{"0":{"start":{"line":10,"column":4},"end":{"line":10,"column":57}},"1":{"start":{"line":11,"column":4},"end":{"line":11,"column":52}},"2":{"start":{"line":12,"column":4},"end":{"line":12,"column":18}},"3":{"start":{"line":13,"column":4},"end":{"line":13,"column":22}},"4":{"start":{"line":19,"column":4},"end":{"line":19,"column":29}},"5":{"start":{"line":23,"column":4},"end":{"line":23,"column":20}},"6":{"start":{"line":27,"column":4},"end":{"line":27,"column":24}},"7":{"start":{"line":31,"column":4},"end":{"line":32,"column":null}},"8":{"start":{"line":32,"column":24},"end":{"line":32,"column":50}},"9":{"start":{"line":36,"column":4},"end":{"line":37,"column":null}},"10":{"start":{"line":37,"column":24},"end":{"line":37,"column":50}},"11":{"start":{"line":41,"column":4},"end":{"line":43,"column":null}},"12":{"start":{"line":42,"column":24},"end":{"line":42,"column":50}},"13":{"start":{"line":47,"column":4},"end":{"line":48,"column":48}},"14":{"start":{"line":48,"column":19},"end":{"line":48,"column":46}},"15":{"start":{"line":52,"column":4},"end":{"line":53,"column":null}},"16":{"start":{"line":53,"column":23},"end":{"line":53,"column":50}},"17":{"start":{"line":57,"column":4},"end":{"line":58,"column":null}},"18":{"start":{"line":58,"column":23},"end":{"line":58,"column":50}},"19":{"start":{"line":62,"column":4},"end":{"line":64,"column":null}},"20":{"start":{"line":63,"column":24},"end":{"line":63,"column":50}},"21":{"start":{"line":68,"column":4},"end":{"line":68,"column":36}},"22":{"start":{"line":72,"column":4},"end":{"line":74,"column":null}},"23":{"start":{"line":73,"column":6},"end":{"line":73,"column":35}},"24":{"start":{"line":76,"column":4},"end":{"line":78,"column":null}},"25":{"start":{"line":77,"column":6},"end":{"line":77,"column":26}},"26":{"start":{"line":80,"column":4},"end":{"line":82,"column":null}},"27":{"start":{"line":81,"column":6},"end":{"line":81,"column":35}},"28":{"start":{"line":86,"column":4},"end":{"line":86,"column":33}},"29":{"start":{"line":88,"column":4},"end":{"line":91,"column":null}},"30":{"start":{"line":89,"column":6},"end":{"line":89,"column":31}},"31":{"start":{"line":90,"column":6},"end":{"line":90,"column":13}},"32":{"start":{"line":93,"column":4},"end":{"line":95,"column":null}},"33":{"start":{"line":94,"column":6},"end":{"line":94,"column":30}},"34":{"start":{"line":2,"column":0},"end":{"line":2,"column":22}}},"fnMap":{"0":{"name":"(anonymous_0)","decl":{"start":{"line":9,"column":2},"end":{"line":9,"column":15}},"loc":{"start":{"line":9,"column":33},"end":{"line":14,"column":3}}},"1":{"name":"(anonymous_1)","decl":{"start":{"line":18,"column":9},"end":{"line":18,"column":17}},"loc":{"start":{"line":18,"column":17},"end":{"line":20,"column":3}}},"2":{"name":"(anonymous_2)","decl":{"start":{"line":22,"column":9},"end":{"line":22,"column":20}},"loc":{"start":{"line":22,"column":20},"end":{"line":24,"column":3}}},"3":{"name":"(anonymous_3)","decl":{"start":{"line":26,"column":9},"end":{"line":26,"column":24}},"loc":{"start":{"line":26,"column":24},"end":{"line":28,"column":3}}},"4":{"name":"(anonymous_4)","decl":{"start":{"line":30,"column":10},"end":{"line":30,"column":23}},"loc":{"start":{"line":30,"column":32},"end":{"line":33,"column":3}}},"5":{"name":"(anonymous_5)","decl":{"start":{"line":32,"column":14},"end":{"line":32,"column":15}},"loc":{"start":{"line":32,"column":24},"end":{"line":32,"column":50}}},"6":{"name":"(anonymous_6)","decl":{"start":{"line":35,"column":10},"end":{"line":35,"column":19}},"loc":{"start":{"line":35,"column":28},"end":{"line":38,"column":3}}},"7":{"name":"(anonymous_7)","decl":{"start":{"line":37,"column":14},"end":{"line":37,"column":15}},"loc":{"start":{"line":37,"column":24},"end":{"line":37,"column":50}}},"8":{"name":"(anonymous_8)","decl":{"start":{"line":40,"column":10},"end":{"line":40,"column":23}},"loc":{"start":{"line":40,"column":32},"end":{"line":44,"column":3}}},"9":{"name":"(anonymous_9)","decl":{"start":{"line":42,"column":14},"end":{"line":42,"column":15}},"loc":{"start":{"line":42,"column":24},"end":{"line":42,"column":50}}},"10":{"name":"(anonymous_10)","decl":{"start":{"line":46,"column":10},"end":{"line":46,"column":23}},"loc":{"start":{"line":46,"column":32},"end":{"line":49,"column":3}}},"11":{"name":"(anonymous_11)","decl":{"start":{"line":48,"column":12},"end":{"line":48,"column":13}},"loc":{"start":{"line":48,"column":19},"end":{"line":48,"column":46}}},"12":{"name":"(anonymous_12)","decl":{"start":{"line":51,"column":10},"end":{"line":51,"column":27}},"loc":{"start":{"line":51,"column":36},"end":{"line":54,"column":3}}},"13":{"name":"(anonymous_13)","decl":{"start":{"line":53,"column":16},"end":{"line":53,"column":17}},"loc":{"start":{"line":53,"column":23},"end":{"line":53,"column":50}}},"14":{"name":"(anonymous_14)","decl":{"start":{"line":56,"column":10},"end":{"line":56,"column":27}},"loc":{"start":{"line":56,"column":36},"end":{"line":59,"column":3}}},"15":{"name":"(anonymous_15)","decl":{"start":{"line":58,"column":16},"end":{"line":58,"column":17}},"loc":{"start":{"line":58,"column":23},"end":{"line":58,"column":50}}},"16":{"name":"(anonymous_16)","decl":{"start":{"line":61,"column":10},"end":{"line":61,"column":27}},"loc":{"start":{"line":61,"column":36},"end":{"line":65,"column":3}}},"17":{"name":"(anonymous_17)","decl":{"start":{"line":63,"column":14},"end":{"line":63,"column":15}},"loc":{"start":{"line":63,"column":24},"end":{"line":63,"column":50}}},"18":{"name":"(anonymous_18)","decl":{"start":{"line":67,"column":9},"end":{"line":67,"column":15}},"loc":{"start":{"line":67,"column":24},"end":{"line":69,"column":3}}},"19":{"name":"(anonymous_19)","decl":{"start":{"line":71,"column":9},"end":{"line":71,"column":12}},"loc":{"start":{"line":71,"column":21},"end":{"line":83,"column":3}}},"20":{"name":"(anonymous_20)","decl":{"start":{"line":85,"column":9},"end":{"line":85,"column":15}},"loc":{"start":{"line":85,"column":24},"end":{"line":96,"column":3}}}},"branchMap":{"0":{"loc":{"start":{"line":10,"column":39},"end":{"line":10,"column":51}},"type":"cond-expr","locations":[{"start":{"line":10,"column":39},"end":{"line":10,"column":51}},{"start":{"line":10,"column":54},"end":{"line":10,"column":56}}]},"1":{"loc":{"start":{"line":11,"column":34},"end":{"line":11,"column":46}},"type":"cond-expr","locations":[{"start":{"line":11,"column":34},"end":{"line":11,"column":46}},{"start":{"line":11,"column":49},"end":{"line":11,"column":51}}]},"2":{"loc":{"start":{"line":72,"column":4},"end":{"line":74,"column":null}},"type":"if","locations":[{"start":{"line":72,"column":4},"end":{"line":74,"column":null}},{"start":{"line":72,"column":4},"end":{"line":74,"column":null}}]},"3":{"loc":{"start":{"line":76,"column":4},"end":{"line":78,"column":null}},"type":"if","locations":[{"start":{"line":76,"column":4},"end":{"line":78,"column":null}},{"start":{"line":76,"column":4},"end":{"line":78,"column":null}}]},"4":{"loc":{"start":{"line":76,"column":8},"end":{"line":76,"column":29}},"type":"binary-expr","locations":[{"start":{"line":76,"column":8},"end":{"line":76,"column":29}},{"start":{"line":76,"column":33},"end":{"line":76,"column":62}}]},"5":{"loc":{"start":{"line":80,"column":4},"end":{"line":82,"column":null}},"type":"if","locations":[{"start":{"line":80,"column":4},"end":{"line":82,"column":null}},{"start":{"line":80,"column":4},"end":{"line":82,"column":null}}]},"6":{"loc":{"start":{"line":88,"column":4},"end":{"line":91,"column":null}},"type":"if","locations":[{"start":{"line":88,"column":4},"end":{"line":91,"column":null}},{"start":{"line":88,"column":4},"end":{"line":91,"column":null}}]},"7":{"loc":{"start":{"line":93,"column":4},"end":{"line":95,"column":null}},"type":"if","locations":[{"start":{"line":93,"column":4},"end":{"line":95,"column":null}},{"start":{"line":93,"column":4},"end":{"line":95,"column":null}}]}},"s":{"0":9,"1":9,"2":9,"3":9,"4":5,"5":3,"6":3,"7":17,"8":3,"9":15,"10":3,"11":12,"12":0,"13":3,"14":3,"15":4,"16":3,"17":0,"18":0,"19":11,"20":3,"21":6,"22":11,"23":0,"24":11,"25":8,"26":11,"27":11,"28":4,"29":4,"30":3,"31":3,"32":1,"33":1,"34":1},"f":{"0":9,"1":5,"2":3,"3":3,"4":17,"5":3,"6":15,"7":3,"8":12,"9":0,"10":3,"11":3,"12":4,"13":3,"14":0,"15":0,"16":11,"17":3,"18":6,"19":11,"20":4},"b":{"0":[9,0],"1":[9,0],"2":[0,11],"3":[8,3],"4":[11,11],"5":[11,0],"6":[3,1],"7":[1,0]}}
,"C:\\Users\\afons\\.jenkins\\workspace\\ddd-forum\\src\\shared\\domain\\events\\DomainEvents.ts": {"path":"C:\\Users\\afons\\.jenkins\\workspace\\ddd-forum\\src\\shared\\domain\\events\\DomainEvents.ts","statementMap":{"0":{"start":{"line":19,"column":27},"end":{"line":19,"column":71}},"1":{"start":{"line":21,"column":4},"end":{"line":23,"column":null}},"2":{"start":{"line":22,"column":6},"end":{"line":22,"column":44}},"3":{"start":{"line":27,"column":4},"end":{"line":27,"column":82}},"4":{"start":{"line":27,"column":60},"end":{"line":27,"column":80}},"5":{"start":{"line":31,"column":18},"end":{"line":31,"column":77}},"6":{"start":{"line":31,"column":57},"end":{"line":31,"column":76}},"7":{"start":{"line":32,"column":4},"end":{"line":32,"column":43}},"8":{"start":{"line":36,"column":36},"end":{"line":36,"column":40}},"9":{"start":{"line":37,"column":4},"end":{"line":41,"column":null}},"10":{"start":{"line":38,"column":6},"end":{"line":40,"column":null}},"11":{"start":{"line":39,"column":8},"end":{"line":39,"column":26}},"12":{"start":{"line":43,"column":4},"end":{"line":43,"column":17}},"13":{"start":{"line":47,"column":22},"end":{"line":47,"column":54}},"14":{"start":{"line":49,"column":4},"end":{"line":53,"column":null}},"15":{"start":{"line":50,"column":6},"end":{"line":50,"column":46}},"16":{"start":{"line":51,"column":6},"end":{"line":51,"column":30}},"17":{"start":{"line":52,"column":6},"end":{"line":52,"column":60}},"18":{"start":{"line":57,"column":4},"end":{"line":59,"column":null}},"19":{"start":{"line":58,"column":6},"end":{"line":58,"column":44}},"20":{"start":{"line":60,"column":4},"end":{"line":60,"column":52}},"21":{"start":{"line":64,"column":4},"end":{"line":64,"column":26}},"22":{"start":{"line":68,"column":4},"end":{"line":68,"column":31}},"23":{"start":{"line":72,"column":35},"end":{"line":72,"column":57}},"24":{"start":{"line":74,"column":4},"end":{"line":79,"column":null}},"25":{"start":{"line":75,"column":30},"end":{"line":75,"column":62}},"26":{"start":{"line":76,"column":6},"end":{"line":78,"column":null}},"27":{"start":{"line":77,"column":8},"end":{"line":77,"column":23}},"28":{"start":{"line":6,"column":0},"end":{"line":6,"column":13}},"29":{"start":{"line":7,"column":17},"end":{"line":7,"column":34}},"30":{"start":{"line":8,"column":17},"end":{"line":8,"column":61}}},"fnMap":{"0":{"name":"(anonymous_0)","decl":{"start":{"line":18,"column":9},"end":{"line":18,"column":15}},"loc":{"start":{"line":18,"column":71},"end":{"line":24,"column":3}}},"1":{"name":"(anonymous_1)","decl":{"start":{"line":26,"column":10},"end":{"line":26,"column":16}},"loc":{"start":{"line":26,"column":71},"end":{"line":28,"column":3}}},"2":{"name":"(anonymous_2)","decl":{"start":{"line":27,"column":35},"end":{"line":27,"column":36}},"loc":{"start":{"line":27,"column":60},"end":{"line":27,"column":80}}},"3":{"name":"(anonymous_3)","decl":{"start":{"line":30,"column":10},"end":{"line":30,"column":16}},"loc":{"start":{"line":30,"column":85},"end":{"line":33,"column":3}}},"4":{"name":"(anonymous_4)","decl":{"start":{"line":31,"column":50},"end":{"line":31,"column":51}},"loc":{"start":{"line":31,"column":57},"end":{"line":31,"column":76}}},"5":{"name":"(anonymous_5)","decl":{"start":{"line":35,"column":10},"end":{"line":35,"column":16}},"loc":{"start":{"line":35,"column":60},"end":{"line":44,"column":3}}},"6":{"name":"(anonymous_6)","decl":{"start":{"line":46,"column":9},"end":{"line":46,"column":15}},"loc":{"start":{"line":46,"column":62},"end":{"line":54,"column":3}}},"7":{"name":"(anonymous_7)","decl":{"start":{"line":56,"column":9},"end":{"line":56,"column":15}},"loc":{"start":{"line":56,"column":88},"end":{"line":61,"column":3}}},"8":{"name":"(anonymous_8)","decl":{"start":{"line":63,"column":9},"end":{"line":63,"column":15}},"loc":{"start":{"line":63,"column":29},"end":{"line":65,"column":3}}},"9":{"name":"(anonymous_9)","decl":{"start":{"line":67,"column":9},"end":{"line":67,"column":15}},"loc":{"start":{"line":67,"column":37},"end":{"line":69,"column":3}}},"10":{"name":"(anonymous_10)","decl":{"start":{"line":71,"column":10},"end":{"line":71,"column":16}},"loc":{"start":{"line":71,"column":46},"end":{"line":80,"column":3}}}},"branchMap":{"0":{"loc":{"start":{"line":21,"column":4},"end":{"line":23,"column":null}},"type":"if","locations":[{"start":{"line":21,"column":4},"end":{"line":23,"column":null}},{"start":{"line":21,"column":4},"end":{"line":23,"column":null}}]},"1":{"loc":{"start":{"line":38,"column":6},"end":{"line":40,"column":null}},"type":"if","locations":[{"start":{"line":38,"column":6},"end":{"line":40,"column":null}},{"start":{"line":38,"column":6},"end":{"line":40,"column":null}}]},"2":{"loc":{"start":{"line":49,"column":4},"end":{"line":53,"column":null}},"type":"if","locations":[{"start":{"line":49,"column":4},"end":{"line":53,"column":null}},{"start":{"line":49,"column":4},"end":{"line":53,"column":null}}]},"3":{"loc":{"start":{"line":57,"column":4},"end":{"line":59,"column":null}},"type":"if","locations":[{"start":{"line":57,"column":4},"end":{"line":59,"column":null}},{"start":{"line":57,"column":4},"end":{"line":59,"column":null}}]},"4":{"loc":{"start":{"line":74,"column":4},"end":{"line":79,"column":null}},"type":"if","locations":[{"start":{"line":74,"column":4},"end":{"line":79,"column":null}},{"start":{"line":74,"column":4},"end":{"line":79,"column":null}}]}},"s":{"0":12,"1":12,"2":3,"3":0,"4":0,"5":0,"6":0,"7":0,"8":12,"9":12,"10":21,"11":9,"12":12,"13":0,"14":0,"15":0,"16":0,"17":0,"18":0,"19":0,"20":0,"21":0,"22":0,"23":0,"24":0,"25":0,"26":0,"27":0,"28":1,"29":1,"30":1},"f":{"0":12,"1":0,"2":0,"3":0,"4":0,"5":12,"6":0,"7":0,"8":0,"9":0,"10":0},"b":{"0":[3,9],"1":[9,12],"2":[0,0],"3":[0,0],"4":[0,0]}}
,"C:\\Users\\afons\\.jenkins\\workspace\\ddd-forum\\src\\shared\\utils\\TextUtils.ts": {"path":"C:\\Users\\afons\\.jenkins\\workspace\\ddd-forum\\src\\shared\\utils\\TextUtils.ts","statementMap":{"0":{"start":{"line":2,"column":0},"end":{"line":2,"column":33}},"1":{"start":{"line":3,"column":0},"end":{"line":3,"column":29}},"2":{"start":{"line":4,"column":0},"end":{"line":4,"column":33}},"3":{"start":{"line":5,"column":19},"end":{"line":5,"column":47}},"4":{"start":{"line":6,"column":18},"end":{"line":6,"column":35}},"5":{"start":{"line":11,"column":4},"end":{"line":11,"column":42}},"6":{"start":{"line":15,"column":4},"end":{"line":15,"column":32}},"7":{"start":{"line":19,"column":13},"end":{"line":19,"column":166}},"8":{"start":{"line":20,"column":4},"end":{"line":20,"column":48}},"9":{"start":{"line":24,"column":18},"end":{"line":24,"column":30}},"10":{"start":{"line":25,"column":16},"end":{"line":25,"column":18}},"11":{"start":{"line":27,"column":4},"end":{"line":29,"column":null}},"12":{"start":{"line":27,"column":17},"end":{"line":27,"column":29}},"13":{"start":{"line":28,"column":6},"end":{"line":28,"column":69}},"14":{"start":{"line":31,"column":4},"end":{"line":31,"column":17}},"15":{"start":{"line":8,"column":0},"end":{"line":8,"column":13}}},"fnMap":{"0":{"name":"(anonymous_1)","decl":{"start":{"line":10,"column":9},"end":{"line":10,"column":15}},"loc":{"start":{"line":10,"column":44},"end":{"line":12,"column":3}}},"1":{"name":"(anonymous_2)","decl":{"start":{"line":14,"column":9},"end":{"line":14,"column":15}},"loc":{"start":{"line":14,"column":43},"end":{"line":16,"column":3}}},"2":{"name":"(anonymous_3)","decl":{"start":{"line":18,"column":9},"end":{"line":18,"column":15}},"loc":{"start":{"line":18,"column":51},"end":{"line":21,"column":3}}},"3":{"name":"(anonymous_4)","decl":{"start":{"line":23,"column":9},"end":{"line":23,"column":15}},"loc":{"start":{"line":23,"column":63},"end":{"line":32,"column":3}}}},"branchMap":{},"s":{"0":2,"1":2,"2":2,"3":2,"4":2,"5":0,"6":0,"7":0,"8":0,"9":5,"10":5,"11":5,"12":5,"13":35,"14":5,"15":2},"f":{"0":0,"1":0,"2":0,"3":5},"b":{}}
}
